// reduced files size from original by using cache sizes multiples of 4
[eh-ac] [ctx:  8, align: 0, cache: 12] csize: 687637 (ratio 0.894), ctime: 730.138291ms (119ns per bit)
[eh-ac] [ctx:  8, align: 0, cache: 16] csize: 687637 (ratio 0.894), ctime: 832.682709ms (135ns per bit)
[eh-ac] [ctx:  8, align: 0, cache: 24] csize: 687637 (ratio 0.894), ctime: 855.443375ms (139ns per bit)
[eh-ac] [ctx:  8, align: 0, cache:  8] csize: 687637 (ratio 0.894), ctime: 857.678042ms (139ns per bit)
[eh-ac] [ctx:  8, align: 0, cache: 20] csize: 687637 (ratio 0.894), ctime: 865.603ms (141ns per bit)
[eh-ac] [ctx:  8, align: 0, cache:  0] csize: 687637 (ratio 0.894), ctime: 970.304125ms (158ns per bit)
[eh-ac] [ctx:  8, align: 0, cache:  4] csize: 687637 (ratio 0.894), ctime: 1.011287084s (164ns per bit)
-> fastest: 687637 in 730.138291ms (119ns per bit) for [ctx: 8, align: 0, cache: 12]
[eh-ac] [ctx:  8, align: 1, cache: 12] csize: 639384 (ratio 0.832), ctime: 696.659292ms (113ns per bit)
[eh-ac] [ctx:  8, align: 1, cache:  8] csize: 639384 (ratio 0.832), ctime: 764.289292ms (124ns per bit)
[eh-ac] [ctx:  8, align: 1, cache: 20] csize: 639384 (ratio 0.832), ctime: 814.930625ms (133ns per bit)
[eh-ac] [ctx:  8, align: 1, cache: 16] csize: 639384 (ratio 0.832), ctime: 834.679208ms (136ns per bit)
[eh-ac] [ctx:  8, align: 1, cache: 24] csize: 639384 (ratio 0.832), ctime: 856.491917ms (139ns per bit)
[eh-ac] [ctx:  8, align: 1, cache:  0] csize: 639384 (ratio 0.832), ctime: 865.632042ms (141ns per bit)
[eh-ac] [ctx:  8, align: 1, cache:  4] csize: 639384 (ratio 0.832), ctime: 914.165209ms (149ns per bit)
-> fastest: 639384 in 696.659292ms (113ns per bit) for [ctx: 8, align: 1, cache: 12]
[eh-ac] [ctx:  8, align: 2, cache:  8] csize: 537954 (ratio 0.700), ctime: 646.851375ms (105ns per bit)
[eh-ac] [ctx:  8, align: 2, cache: 12] csize: 537954 (ratio 0.700), ctime: 675.958375ms (110ns per bit)
[eh-ac] [ctx:  8, align: 2, cache:  0] csize: 537954 (ratio 0.700), ctime: 732.289084ms (119ns per bit)
[eh-ac] [ctx:  8, align: 2, cache: 16] csize: 537954 (ratio 0.700), ctime: 734.619666ms (119ns per bit)
[eh-ac] [ctx:  8, align: 2, cache: 20] csize: 537954 (ratio 0.700), ctime: 773.696458ms (126ns per bit)
[eh-ac] [ctx:  8, align: 2, cache:  4] csize: 537954 (ratio 0.700), ctime: 778.567834ms (127ns per bit)
[eh-ac] [ctx:  8, align: 2, cache: 24] csize: 537954 (ratio 0.700), ctime: 893.651083ms (145ns per bit)
-> fastest: 537954 in 646.851375ms (105ns per bit) for [ctx: 8, align: 2, cache: 8]
[eh-ac] [ctx:  8, align: 3, cache:  8] csize: 423101 (ratio 0.550), ctime: 573.177625ms (93ns per bit)
[eh-ac] [ctx:  8, align: 3, cache:  0] csize: 423101 (ratio 0.550), ctime: 597.53725ms (97ns per bit)
[eh-ac] [ctx:  8, align: 3, cache: 12] csize: 423101 (ratio 0.550), ctime: 623.8025ms (101ns per bit)
[eh-ac] [ctx:  8, align: 3, cache: 16] csize: 423101 (ratio 0.550), ctime: 642.347166ms (104ns per bit)
[eh-ac] [ctx:  8, align: 3, cache:  4] csize: 423101 (ratio 0.550), ctime: 667.642541ms (109ns per bit)
[eh-ac] [ctx:  8, align: 3, cache: 20] csize: 423101 (ratio 0.550), ctime: 677.556083ms (110ns per bit)
[eh-ac] [ctx:  8, align: 3, cache: 24] csize: 423101 (ratio 0.550), ctime: 908.965667ms (148ns per bit)
-> fastest: 423101 in 573.177625ms (93ns per bit) for [ctx: 8, align: 3, cache: 8]
[eh-ac] [ctx:  8, align: 4, cache:  0] csize: 445328 (ratio 0.579), ctime: 522.577334ms (85ns per bit)
[eh-ac] [ctx:  8, align: 4, cache:  8] csize: 445328 (ratio 0.579), ctime: 550.463042ms (90ns per bit)
[eh-ac] [ctx:  8, align: 4, cache:  4] csize: 445328 (ratio 0.579), ctime: 591.04275ms (96ns per bit)
[eh-ac] [ctx:  8, align: 4, cache: 12] csize: 445328 (ratio 0.579), ctime: 608.301417ms (99ns per bit)
[eh-ac] [ctx:  8, align: 4, cache: 16] csize: 445328 (ratio 0.579), ctime: 637.219625ms (104ns per bit)
[eh-ac] [ctx:  8, align: 4, cache: 20] csize: 445328 (ratio 0.579), ctime: 661.364167ms (108ns per bit)
[eh-ac] [ctx:  8, align: 4, cache: 24] csize: 445328 (ratio 0.579), ctime: 767.218041ms (125ns per bit)
-> fastest: 445328 in 522.577334ms (85ns per bit) for [ctx: 8, align: 4, cache: 0]
--> best: 423101 in 573.177625ms (93ns per bit) for [ctx: 8, align: 3, cache: 8]
[eh-ac] [ctx:  9, align: 0, cache: 12] csize: 659692 (ratio 0.858), ctime: 786.533583ms (128ns per bit)
[eh-ac] [ctx:  9, align: 0, cache: 16] csize: 659692 (ratio 0.858), ctime: 806.064042ms (131ns per bit)
[eh-ac] [ctx:  9, align: 0, cache: 20] csize: 659692 (ratio 0.858), ctime: 931.302208ms (151ns per bit)
[eh-ac] [ctx:  9, align: 0, cache:  8] csize: 659692 (ratio 0.858), ctime: 947.198625ms (154ns per bit)
[eh-ac] [ctx:  9, align: 0, cache: 24] csize: 659692 (ratio 0.858), ctime: 990.455708ms (161ns per bit)
[eh-ac] [ctx:  9, align: 0, cache:  0] csize: 659692 (ratio 0.858), ctime: 1.058768583s (172ns per bit)
[eh-ac] [ctx:  9, align: 0, cache:  4] csize: 659692 (ratio 0.858), ctime: 1.11114375s (181ns per bit)
-> fastest: 659692 in 786.533583ms (128ns per bit) for [ctx: 9, align: 0, cache: 12]
[eh-ac] [ctx:  9, align: 1, cache: 12] csize: 604280 (ratio 0.786), ctime: 701.406167ms (114ns per bit)
[eh-ac] [ctx:  9, align: 1, cache: 16] csize: 604280 (ratio 0.786), ctime: 794.304208ms (129ns per bit)
[eh-ac] [ctx:  9, align: 1, cache: 20] csize: 604280 (ratio 0.786), ctime: 831.193583ms (135ns per bit)
[eh-ac] [ctx:  9, align: 1, cache: 24] csize: 604280 (ratio 0.786), ctime: 838.11375ms (136ns per bit)
[eh-ac] [ctx:  9, align: 1, cache:  8] csize: 604280 (ratio 0.786), ctime: 855.276125ms (139ns per bit)
[eh-ac] [ctx:  9, align: 1, cache:  0] csize: 604280 (ratio 0.786), ctime: 939.546833ms (153ns per bit)
[eh-ac] [ctx:  9, align: 1, cache:  4] csize: 604280 (ratio 0.786), ctime: 984.023208ms (160ns per bit)
-> fastest: 604280 in 701.406167ms (114ns per bit) for [ctx: 9, align: 1, cache: 12]
[eh-ac] [ctx:  9, align: 2, cache: 12] csize: 503388 (ratio 0.655), ctime: 690.490708ms (112ns per bit)
[eh-ac] [ctx:  9, align: 2, cache:  8] csize: 503388 (ratio 0.655), ctime: 755.430958ms (123ns per bit)
[eh-ac] [ctx:  9, align: 2, cache: 20] csize: 503388 (ratio 0.655), ctime: 782.469333ms (127ns per bit)
[eh-ac] [ctx:  9, align: 2, cache: 16] csize: 503388 (ratio 0.655), ctime: 804.916292ms (131ns per bit)
[eh-ac] [ctx:  9, align: 2, cache: 24] csize: 503388 (ratio 0.655), ctime: 821.352208ms (134ns per bit)
[eh-ac] [ctx:  9, align: 2, cache:  0] csize: 503388 (ratio 0.655), ctime: 842.30275ms (137ns per bit)
[eh-ac] [ctx:  9, align: 2, cache:  4] csize: 503388 (ratio 0.655), ctime: 882.071375ms (143ns per bit)
-> fastest: 503388 in 690.490708ms (112ns per bit) for [ctx: 9, align: 2, cache: 12]
[eh-ac] [ctx:  9, align: 3, cache:  8] csize: 395997 (ratio 0.515), ctime: 634.381792ms (103ns per bit)
[eh-ac] [ctx:  9, align: 3, cache: 12] csize: 395997 (ratio 0.515), ctime: 652.975458ms (106ns per bit)
[eh-ac] [ctx:  9, align: 3, cache:  0] csize: 395997 (ratio 0.515), ctime: 703.795209ms (114ns per bit)
[eh-ac] [ctx:  9, align: 3, cache: 16] csize: 395997 (ratio 0.515), ctime: 717.838583ms (117ns per bit)
[eh-ac] [ctx:  9, align: 3, cache: 20] csize: 395997 (ratio 0.515), ctime: 757.303167ms (123ns per bit)
[eh-ac] [ctx:  9, align: 3, cache:  4] csize: 395997 (ratio 0.515), ctime: 758.0155ms (123ns per bit)
[eh-ac] [ctx:  9, align: 3, cache: 24] csize: 395997 (ratio 0.515), ctime: 865.87025ms (141ns per bit)
-> fastest: 395997 in 634.381792ms (103ns per bit) for [ctx: 9, align: 3, cache: 8]
[eh-ac] [ctx:  9, align: 4, cache:  8] csize: 423318 (ratio 0.551), ctime: 580.356459ms (94ns per bit)
[eh-ac] [ctx:  9, align: 4, cache: 12] csize: 423318 (ratio 0.551), ctime: 619.345916ms (101ns per bit)
[eh-ac] [ctx:  9, align: 4, cache:  0] csize: 423318 (ratio 0.551), ctime: 620.569792ms (101ns per bit)
[eh-ac] [ctx:  9, align: 4, cache: 16] csize: 423318 (ratio 0.551), ctime: 641.543042ms (104ns per bit)
[eh-ac] [ctx:  9, align: 4, cache:  4] csize: 423318 (ratio 0.551), ctime: 667.263416ms (108ns per bit)
[eh-ac] [ctx:  9, align: 4, cache: 20] csize: 423318 (ratio 0.551), ctime: 677.126125ms (110ns per bit)
[eh-ac] [ctx:  9, align: 4, cache: 24] csize: 423318 (ratio 0.551), ctime: 897.786083ms (146ns per bit)
-> fastest: 423318 in 580.356459ms (94ns per bit) for [ctx: 9, align: 4, cache: 8]
--> best: 395997 in 634.381792ms (103ns per bit) for [ctx: 9, align: 3, cache: 8]
[eh-ac] [ctx: 10, align: 0, cache: 16] csize: 628412 (ratio 0.817), ctime: 784.175041ms (128ns per bit)
[eh-ac] [ctx: 10, align: 0, cache: 12] csize: 628412 (ratio 0.817), ctime: 867.641834ms (141ns per bit)
[eh-ac] [ctx: 10, align: 0, cache: 20] csize: 628412 (ratio 0.817), ctime: 938.057584ms (153ns per bit)
[eh-ac] [ctx: 10, align: 0, cache: 24] csize: 628412 (ratio 0.817), ctime: 958.18375ms (156ns per bit)
[eh-ac] [ctx: 10, align: 0, cache:  8] csize: 628412 (ratio 0.817), ctime: 1.044944625s (170ns per bit)
[eh-ac] [ctx: 10, align: 0, cache:  0] csize: 628412 (ratio 0.817), ctime: 1.142241042s (186ns per bit)
[eh-ac] [ctx: 10, align: 0, cache:  4] csize: 628412 (ratio 0.817), ctime: 1.192314583s (194ns per bit)
-> fastest: 628412 in 784.175041ms (128ns per bit) for [ctx: 10, align: 0, cache: 16]
[eh-ac] [ctx: 10, align: 1, cache: 12] csize: 556160 (ratio 0.723), ctime: 761.304042ms (124ns per bit)
[eh-ac] [ctx: 10, align: 1, cache: 16] csize: 556160 (ratio 0.723), ctime: 784.626375ms (128ns per bit)
[eh-ac] [ctx: 10, align: 1, cache: 20] csize: 556160 (ratio 0.723), ctime: 920.223333ms (150ns per bit)
[eh-ac] [ctx: 10, align: 1, cache:  8] csize: 556160 (ratio 0.723), ctime: 934.023333ms (152ns per bit)
[eh-ac] [ctx: 10, align: 1, cache: 24] csize: 556160 (ratio 0.723), ctime: 960.285458ms (156ns per bit)
[eh-ac] [ctx: 10, align: 1, cache:  0] csize: 556160 (ratio 0.723), ctime: 1.0346235s (168ns per bit)
[eh-ac] [ctx: 10, align: 1, cache:  4] csize: 556160 (ratio 0.723), ctime: 1.077715125s (175ns per bit)
-> fastest: 556160 in 761.304042ms (124ns per bit) for [ctx: 10, align: 1, cache: 12]
[eh-ac] [ctx: 10, align: 2, cache: 12] csize: 470508 (ratio 0.612), ctime: 693.337ms (113ns per bit)
[eh-ac] [ctx: 10, align: 2, cache: 16] csize: 470508 (ratio 0.612), ctime: 778.71725ms (127ns per bit)
[eh-ac] [ctx: 10, align: 2, cache: 24] csize: 470508 (ratio 0.612), ctime: 809.94875ms (132ns per bit)
[eh-ac] [ctx: 10, align: 2, cache: 20] csize: 470508 (ratio 0.612), ctime: 818.476875ms (133ns per bit)
[eh-ac] [ctx: 10, align: 2, cache:  8] csize: 470508 (ratio 0.612), ctime: 827.432083ms (135ns per bit)
[eh-ac] [ctx: 10, align: 2, cache:  0] csize: 470508 (ratio 0.612), ctime: 910.086584ms (148ns per bit)
[eh-ac] [ctx: 10, align: 2, cache:  4] csize: 470508 (ratio 0.612), ctime: 965.674375ms (157ns per bit)
-> fastest: 470508 in 693.337ms (113ns per bit) for [ctx: 10, align: 2, cache: 12]
[eh-ac] [ctx: 10, align: 3, cache: 12] csize: 372546 (ratio 0.485), ctime: 665.613875ms (108ns per bit)
[eh-ac] [ctx: 10, align: 3, cache:  8] csize: 372546 (ratio 0.485), ctime: 725.195125ms (118ns per bit)
[eh-ac] [ctx: 10, align: 3, cache: 16] csize: 372546 (ratio 0.485), ctime: 780.69ms (127ns per bit)
[eh-ac] [ctx: 10, align: 3, cache: 20] csize: 372546 (ratio 0.485), ctime: 793.557042ms (129ns per bit)
[eh-ac] [ctx: 10, align: 3, cache:  0] csize: 372546 (ratio 0.485), ctime: 797.922542ms (130ns per bit)
[eh-ac] [ctx: 10, align: 3, cache: 24] csize: 372546 (ratio 0.485), ctime: 804.952792ms (131ns per bit)
[eh-ac] [ctx: 10, align: 3, cache:  4] csize: 372546 (ratio 0.485), ctime: 868.368208ms (141ns per bit)
-> fastest: 372546 in 665.613875ms (108ns per bit) for [ctx: 10, align: 3, cache: 12]
[eh-ac] [ctx: 10, align: 4, cache:  8] csize: 396382 (ratio 0.516), ctime: 620.46775ms (101ns per bit)
[eh-ac] [ctx: 10, align: 4, cache: 12] csize: 396382 (ratio 0.516), ctime: 656.443167ms (107ns per bit)
[eh-ac] [ctx: 10, align: 4, cache:  0] csize: 396382 (ratio 0.516), ctime: 709.264333ms (115ns per bit)
[eh-ac] [ctx: 10, align: 4, cache: 16] csize: 396382 (ratio 0.516), ctime: 726.305875ms (118ns per bit)
[eh-ac] [ctx: 10, align: 4, cache: 20] csize: 396382 (ratio 0.516), ctime: 743.737416ms (121ns per bit)
[eh-ac] [ctx: 10, align: 4, cache:  4] csize: 396382 (ratio 0.516), ctime: 754.98025ms (123ns per bit)
[eh-ac] [ctx: 10, align: 4, cache: 24] csize: 396382 (ratio 0.516), ctime: 877.563791ms (143ns per bit)
-> fastest: 396382 in 620.46775ms (101ns per bit) for [ctx: 10, align: 4, cache: 8]
--> best: 372546 in 665.613875ms (108ns per bit) for [ctx: 10, align: 3, cache: 12]
[eh-ac] [ctx: 11, align: 0, cache: 16] csize: 593641 (ratio 0.772), ctime: 798.434417ms (130ns per bit)
[eh-ac] [ctx: 11, align: 0, cache: 20] csize: 593641 (ratio 0.772), ctime: 939.1255ms (153ns per bit)
[eh-ac] [ctx: 11, align: 0, cache: 12] csize: 593641 (ratio 0.772), ctime: 943.168542ms (153ns per bit)
[eh-ac] [ctx: 11, align: 0, cache: 24] csize: 593641 (ratio 0.772), ctime: 1.032585542s (168ns per bit)
[eh-ac] [ctx: 11, align: 0, cache:  8] csize: 593641 (ratio 0.772), ctime: 1.121173875s (182ns per bit)
[eh-ac] [ctx: 11, align: 0, cache:  0] csize: 593641 (ratio 0.772), ctime: 1.240337625s (202ns per bit)
[eh-ac] [ctx: 11, align: 0, cache:  4] csize: 593641 (ratio 0.772), ctime: 1.284491291s (209ns per bit)
-> fastest: 593641 in 798.434417ms (130ns per bit) for [ctx: 11, align: 0, cache: 16]
[eh-ac] [ctx: 11, align: 1, cache: 16] csize: 506978 (ratio 0.659), ctime: 779.047875ms (127ns per bit)
[eh-ac] [ctx: 11, align: 1, cache: 12] csize: 506978 (ratio 0.659), ctime: 839.0735ms (136ns per bit)
[eh-ac] [ctx: 11, align: 1, cache: 20] csize: 506978 (ratio 0.659), ctime: 937.093ms (152ns per bit)
[eh-ac] [ctx: 11, align: 1, cache: 24] csize: 506978 (ratio 0.659), ctime: 949.156625ms (154ns per bit)
[eh-ac] [ctx: 11, align: 1, cache:  8] csize: 506978 (ratio 0.659), ctime: 1.024635125s (167ns per bit)
[eh-ac] [ctx: 11, align: 1, cache:  0] csize: 506978 (ratio 0.659), ctime: 1.129580167s (184ns per bit)
[eh-ac] [ctx: 11, align: 1, cache:  4] csize: 506978 (ratio 0.659), ctime: 1.173792334s (191ns per bit)
-> fastest: 506978 in 779.047875ms (127ns per bit) for [ctx: 11, align: 1, cache: 16]
[eh-ac] [ctx: 11, align: 2, cache: 12] csize: 433147 (ratio 0.563), ctime: 748.375083ms (122ns per bit)
[eh-ac] [ctx: 11, align: 2, cache: 16] csize: 433147 (ratio 0.563), ctime: 775.758ms (126ns per bit)
[eh-ac] [ctx: 11, align: 2, cache: 20] csize: 433147 (ratio 0.563), ctime: 900.793666ms (146ns per bit)
[eh-ac] [ctx: 11, align: 2, cache:  8] csize: 433147 (ratio 0.563), ctime: 919.34775ms (149ns per bit)
[eh-ac] [ctx: 11, align: 2, cache: 24] csize: 433147 (ratio 0.563), ctime: 957.293125ms (156ns per bit)
[eh-ac] [ctx: 11, align: 2, cache:  0] csize: 433147 (ratio 0.563), ctime: 1.009599416s (164ns per bit)
[eh-ac] [ctx: 11, align: 2, cache:  4] csize: 433147 (ratio 0.563), ctime: 1.0739565s (175ns per bit)
-> fastest: 433147 in 748.375083ms (122ns per bit) for [ctx: 11, align: 2, cache: 12]
[eh-ac] [ctx: 11, align: 3, cache: 12] csize: 353992 (ratio 0.460), ctime: 682.885292ms (111ns per bit)
[eh-ac] [ctx: 11, align: 3, cache: 16] csize: 353992 (ratio 0.460), ctime: 769.675125ms (125ns per bit)
[eh-ac] [ctx: 11, align: 3, cache: 20] csize: 353992 (ratio 0.460), ctime: 789.705875ms (128ns per bit)
[eh-ac] [ctx: 11, align: 3, cache: 24] csize: 353992 (ratio 0.460), ctime: 805.832959ms (131ns per bit)
[eh-ac] [ctx: 11, align: 3, cache:  8] csize: 353992 (ratio 0.460), ctime: 814.462875ms (132ns per bit)
[eh-ac] [ctx: 11, align: 3, cache:  0] csize: 353992 (ratio 0.460), ctime: 895.312292ms (146ns per bit)
[eh-ac] [ctx: 11, align: 3, cache:  4] csize: 353992 (ratio 0.460), ctime: 947.4535ms (154ns per bit)
-> fastest: 353992 in 682.885292ms (111ns per bit) for [ctx: 11, align: 3, cache: 12]
[eh-ac] [ctx: 11, align: 4, cache: 12] csize: 373232 (ratio 0.485), ctime: 661.458625ms (108ns per bit)
[eh-ac] [ctx: 11, align: 4, cache:  8] csize: 373232 (ratio 0.485), ctime: 736.653459ms (120ns per bit)
[eh-ac] [ctx: 11, align: 4, cache: 16] csize: 373232 (ratio 0.485), ctime: 773.418125ms (126ns per bit)
[eh-ac] [ctx: 11, align: 4, cache: 20] csize: 373232 (ratio 0.485), ctime: 777.995833ms (126ns per bit)
[eh-ac] [ctx: 11, align: 4, cache:  0] csize: 373232 (ratio 0.485), ctime: 806.089458ms (131ns per bit)
[eh-ac] [ctx: 11, align: 4, cache: 24] csize: 373232 (ratio 0.485), ctime: 820.601375ms (133ns per bit)
[eh-ac] [ctx: 11, align: 4, cache:  4] csize: 373232 (ratio 0.485), ctime: 863.827459ms (140ns per bit)
-> fastest: 373232 in 661.458625ms (108ns per bit) for [ctx: 11, align: 4, cache: 12]
--> best: 353992 in 682.885292ms (111ns per bit) for [ctx: 11, align: 3, cache: 12]
[eh-ac] [ctx: 12, align: 0, cache: 16] csize: 557707 (ratio 0.725), ctime: 853.007167ms (139ns per bit)
[eh-ac] [ctx: 12, align: 0, cache: 20] csize: 557707 (ratio 0.725), ctime: 935.903875ms (152ns per bit)
[eh-ac] [ctx: 12, align: 0, cache: 12] csize: 557707 (ratio 0.725), ctime: 1.031152292s (168ns per bit)
[eh-ac] [ctx: 12, align: 0, cache: 24] csize: 557707 (ratio 0.725), ctime: 1.085337917s (176ns per bit)
[eh-ac] [ctx: 12, align: 0, cache:  8] csize: 557707 (ratio 0.725), ctime: 1.226604833s (199ns per bit)
[eh-ac] [ctx: 12, align: 0, cache:  0] csize: 557707 (ratio 0.725), ctime: 1.32584425s (216ns per bit)
[eh-ac] [ctx: 12, align: 0, cache:  4] csize: 557707 (ratio 0.725), ctime: 1.38454525s (225ns per bit)
-> fastest: 557707 in 853.007167ms (139ns per bit) for [ctx: 12, align: 0, cache: 16]
[eh-ac] [ctx: 12, align: 1, cache: 16] csize: 460733 (ratio 0.599), ctime: 788.709583ms (128ns per bit)
[eh-ac] [ctx: 12, align: 1, cache: 20] csize: 460733 (ratio 0.599), ctime: 917.521667ms (149ns per bit)
[eh-ac] [ctx: 12, align: 1, cache: 12] csize: 460733 (ratio 0.599), ctime: 932.246584ms (152ns per bit)
[eh-ac] [ctx: 12, align: 1, cache: 24] csize: 460733 (ratio 0.599), ctime: 1.01818125s (166ns per bit)
[eh-ac] [ctx: 12, align: 1, cache:  8] csize: 460733 (ratio 0.599), ctime: 1.1204785s (182ns per bit)
[eh-ac] [ctx: 12, align: 1, cache:  0] csize: 460733 (ratio 0.599), ctime: 1.222647917s (199ns per bit)
[eh-ac] [ctx: 12, align: 1, cache:  4] csize: 460733 (ratio 0.599), ctime: 1.265881875s (206ns per bit)
-> fastest: 460733 in 788.709583ms (128ns per bit) for [ctx: 12, align: 1, cache: 16]
[eh-ac] [ctx: 12, align: 2, cache: 16] csize: 399083 (ratio 0.519), ctime: 758.979333ms (123ns per bit)
[eh-ac] [ctx: 12, align: 2, cache: 12] csize: 399083 (ratio 0.519), ctime: 834.412542ms (136ns per bit)
[eh-ac] [ctx: 12, align: 2, cache: 20] csize: 399083 (ratio 0.519), ctime: 935.544875ms (152ns per bit)
[eh-ac] [ctx: 12, align: 2, cache: 24] csize: 399083 (ratio 0.519), ctime: 936.419375ms (152ns per bit)
[eh-ac] [ctx: 12, align: 2, cache:  8] csize: 399083 (ratio 0.519), ctime: 1.018161375s (166ns per bit)
[eh-ac] [ctx: 12, align: 2, cache:  0] csize: 399083 (ratio 0.519), ctime: 1.109109958s (180ns per bit)
[eh-ac] [ctx: 12, align: 2, cache:  4] csize: 399083 (ratio 0.519), ctime: 1.166561708s (190ns per bit)
-> fastest: 399083 in 758.979333ms (123ns per bit) for [ctx: 12, align: 2, cache: 16]
[eh-ac] [ctx: 12, align: 3, cache: 12] csize: 333140 (ratio 0.433), ctime: 733.75475ms (119ns per bit)
[eh-ac] [ctx: 12, align: 3, cache: 16] csize: 333140 (ratio 0.433), ctime: 755.836708ms (123ns per bit)
[eh-ac] [ctx: 12, align: 3, cache: 20] csize: 333140 (ratio 0.433), ctime: 909.109208ms (148ns per bit)
[eh-ac] [ctx: 12, align: 3, cache:  8] csize: 333140 (ratio 0.433), ctime: 922.662541ms (150ns per bit)
[eh-ac] [ctx: 12, align: 3, cache: 24] csize: 333140 (ratio 0.433), ctime: 942.557708ms (153ns per bit)
[eh-ac] [ctx: 12, align: 3, cache:  0] csize: 333140 (ratio 0.433), ctime: 996.679208ms (162ns per bit)
[eh-ac] [ctx: 12, align: 3, cache:  4] csize: 333140 (ratio 0.433), ctime: 1.055003708s (172ns per bit)
-> fastest: 333140 in 733.75475ms (119ns per bit) for [ctx: 12, align: 3, cache: 12]
[eh-ac] [ctx: 12, align: 4, cache: 12] csize: 355144 (ratio 0.462), ctime: 677.90825ms (110ns per bit)
[eh-ac] [ctx: 12, align: 4, cache: 16] csize: 355144 (ratio 0.462), ctime: 775.357625ms (126ns per bit)
[eh-ac] [ctx: 12, align: 4, cache:  8] csize: 355144 (ratio 0.462), ctime: 805.1185ms (131ns per bit)
[eh-ac] [ctx: 12, align: 4, cache: 24] csize: 355144 (ratio 0.462), ctime: 806.16225ms (131ns per bit)
[eh-ac] [ctx: 12, align: 4, cache: 20] csize: 355144 (ratio 0.462), ctime: 811.7125ms (132ns per bit)
[eh-ac] [ctx: 12, align: 4, cache:  0] csize: 355144 (ratio 0.462), ctime: 896.192958ms (146ns per bit)
[eh-ac] [ctx: 12, align: 4, cache:  4] csize: 355144 (ratio 0.462), ctime: 948.783291ms (154ns per bit)
-> fastest: 355144 in 677.90825ms (110ns per bit) for [ctx: 12, align: 4, cache: 12]
--> best: 333140 in 733.75475ms (119ns per bit) for [ctx: 12, align: 3, cache: 12]
[eh-ac] [ctx: 13, align: 0, cache: 20] csize: 521221 (ratio 0.678), ctime: 886.98575ms (144ns per bit)
[eh-ac] [ctx: 13, align: 0, cache: 16] csize: 521221 (ratio 0.678), ctime: 953.724708ms (155ns per bit)
[eh-ac] [ctx: 13, align: 0, cache: 24] csize: 521221 (ratio 0.678), ctime: 1.058585042s (172ns per bit)
[eh-ac] [ctx: 13, align: 0, cache: 12] csize: 521221 (ratio 0.678), ctime: 1.130610542s (184ns per bit)
[eh-ac] [ctx: 13, align: 0, cache:  8] csize: 521221 (ratio 0.678), ctime: 1.330528s (216ns per bit)
[eh-ac] [ctx: 13, align: 0, cache:  0] csize: 521221 (ratio 0.678), ctime: 1.428010541s (232ns per bit)
[eh-ac] [ctx: 13, align: 0, cache:  4] csize: 521221 (ratio 0.678), ctime: 1.489864625s (242ns per bit)
-> fastest: 521221 in 886.98575ms (144ns per bit) for [ctx: 13, align: 0, cache: 20]
[eh-ac] [ctx: 13, align: 1, cache: 16] csize: 416736 (ratio 0.542), ctime: 828.959166ms (135ns per bit)
[eh-ac] [ctx: 13, align: 1, cache: 20] csize: 416736 (ratio 0.542), ctime: 914.25875ms (149ns per bit)
[eh-ac] [ctx: 13, align: 1, cache: 12] csize: 416736 (ratio 0.542), ctime: 1.027727083s (167ns per bit)
[eh-ac] [ctx: 13, align: 1, cache: 24] csize: 416736 (ratio 0.542), ctime: 1.0686245s (174ns per bit)
[eh-ac] [ctx: 13, align: 1, cache:  8] csize: 416736 (ratio 0.542), ctime: 1.213799458s (197ns per bit)
[eh-ac] [ctx: 13, align: 1, cache:  0] csize: 416736 (ratio 0.542), ctime: 1.328524333s (216ns per bit)
[eh-ac] [ctx: 13, align: 1, cache:  4] csize: 416736 (ratio 0.542), ctime: 1.368861667s (223ns per bit)
-> fastest: 416736 in 828.959166ms (135ns per bit) for [ctx: 13, align: 1, cache: 16]
[eh-ac] [ctx: 13, align: 2, cache: 16] csize: 367302 (ratio 0.478), ctime: 772.959125ms (126ns per bit)
[eh-ac] [ctx: 13, align: 2, cache: 20] csize: 367302 (ratio 0.478), ctime: 917.04925ms (149ns per bit)
[eh-ac] [ctx: 13, align: 2, cache: 12] csize: 367302 (ratio 0.478), ctime: 928.340834ms (151ns per bit)
[eh-ac] [ctx: 13, align: 2, cache: 24] csize: 367302 (ratio 0.478), ctime: 1.017410166s (165ns per bit)
[eh-ac] [ctx: 13, align: 2, cache:  8] csize: 367302 (ratio 0.478), ctime: 1.098942625s (179ns per bit)
[eh-ac] [ctx: 13, align: 2, cache:  0] csize: 367302 (ratio 0.478), ctime: 1.198342583s (195ns per bit)
[eh-ac] [ctx: 13, align: 2, cache:  4] csize: 367302 (ratio 0.478), ctime: 1.271465208s (207ns per bit)
-> fastest: 367302 in 772.959125ms (126ns per bit) for [ctx: 13, align: 2, cache: 16]
[eh-ac] [ctx: 13, align: 3, cache: 16] csize: 318059 (ratio 0.414), ctime: 756.271292ms (123ns per bit)
[eh-ac] [ctx: 13, align: 3, cache: 12] csize: 318059 (ratio 0.414), ctime: 828.110375ms (135ns per bit)
[eh-ac] [ctx: 13, align: 3, cache: 20] csize: 318059 (ratio 0.414), ctime: 929.766709ms (151ns per bit)
[eh-ac] [ctx: 13, align: 3, cache: 24] csize: 318059 (ratio 0.414), ctime: 933.286333ms (152ns per bit)
[eh-ac] [ctx: 13, align: 3, cache:  8] csize: 318059 (ratio 0.414), ctime: 1.01943525s (166ns per bit)
[eh-ac] [ctx: 13, align: 3, cache:  0] csize: 318059 (ratio 0.414), ctime: 1.1180605s (182ns per bit)
[eh-ac] [ctx: 13, align: 3, cache:  4] csize: 318059 (ratio 0.414), ctime: 1.156290583s (188ns per bit)
-> fastest: 318059 in 756.271292ms (123ns per bit) for [ctx: 13, align: 3, cache: 16]
[eh-ac] [ctx: 13, align: 4, cache: 12] csize: 335000 (ratio 0.436), ctime: 755.019125ms (123ns per bit)
[eh-ac] [ctx: 13, align: 4, cache: 16] csize: 335000 (ratio 0.436), ctime: 773.885083ms (126ns per bit)
[eh-ac] [ctx: 13, align: 4, cache: 20] csize: 335000 (ratio 0.436), ctime: 897.723833ms (146ns per bit)
[eh-ac] [ctx: 13, align: 4, cache:  8] csize: 335000 (ratio 0.436), ctime: 904.767417ms (147ns per bit)
[eh-ac] [ctx: 13, align: 4, cache: 24] csize: 335000 (ratio 0.436), ctime: 958.587792ms (156ns per bit)
[eh-ac] [ctx: 13, align: 4, cache:  0] csize: 335000 (ratio 0.436), ctime: 1.006422208s (164ns per bit)
[eh-ac] [ctx: 13, align: 4, cache:  4] csize: 335000 (ratio 0.436), ctime: 1.0520405s (171ns per bit)
-> fastest: 335000 in 755.019125ms (123ns per bit) for [ctx: 13, align: 4, cache: 12]
--> best: 318059 in 756.271292ms (123ns per bit) for [ctx: 13, align: 3, cache: 16]
[eh-ac] [ctx: 14, align: 0, cache: 20] csize: 488233 (ratio 0.635), ctime: 922.3215ms (150ns per bit)
[eh-ac] [ctx: 14, align: 0, cache: 16] csize: 488233 (ratio 0.635), ctime: 1.033566292s (168ns per bit)
[eh-ac] [ctx: 14, align: 0, cache: 24] csize: 488233 (ratio 0.635), ctime: 1.062467417s (173ns per bit)
[eh-ac] [ctx: 14, align: 0, cache: 12] csize: 488233 (ratio 0.635), ctime: 1.234181334s (201ns per bit)
[eh-ac] [ctx: 14, align: 0, cache:  8] csize: 488233 (ratio 0.635), ctime: 1.430116667s (233ns per bit)
[eh-ac] [ctx: 14, align: 0, cache:  0] csize: 488233 (ratio 0.635), ctime: 1.531429458s (249ns per bit)
[eh-ac] [ctx: 14, align: 0, cache:  4] csize: 488233 (ratio 0.635), ctime: 1.581620333s (257ns per bit)
-> fastest: 488233 in 922.3215ms (150ns per bit) for [ctx: 14, align: 0, cache: 20]
[eh-ac] [ctx: 14, align: 1, cache: 20] csize: 377159 (ratio 0.491), ctime: 889.977042ms (145ns per bit)
[eh-ac] [ctx: 14, align: 1, cache: 16] csize: 377159 (ratio 0.491), ctime: 934.708834ms (152ns per bit)
[eh-ac] [ctx: 14, align: 1, cache: 24] csize: 377159 (ratio 0.491), ctime: 1.065006041s (173ns per bit)
[eh-ac] [ctx: 14, align: 1, cache: 12] csize: 377159 (ratio 0.491), ctime: 1.140288083s (185ns per bit)
[eh-ac] [ctx: 14, align: 1, cache:  8] csize: 377159 (ratio 0.491), ctime: 1.31477325s (214ns per bit)
[eh-ac] [ctx: 14, align: 1, cache:  0] csize: 377159 (ratio 0.491), ctime: 1.414188292s (230ns per bit)
[eh-ac] [ctx: 14, align: 1, cache:  4] csize: 377159 (ratio 0.491), ctime: 1.462314042s (238ns per bit)
-> fastest: 377159 in 889.977042ms (145ns per bit) for [ctx: 14, align: 1, cache: 20]
[eh-ac] [ctx: 14, align: 2, cache: 16] csize: 338364 (ratio 0.440), ctime: 834.965917ms (136ns per bit)
[eh-ac] [ctx: 14, align: 2, cache: 20] csize: 338364 (ratio 0.440), ctime: 909.331834ms (148ns per bit)
[eh-ac] [ctx: 14, align: 2, cache: 12] csize: 338364 (ratio 0.440), ctime: 1.030379583s (168ns per bit)
[eh-ac] [ctx: 14, align: 2, cache: 24] csize: 338364 (ratio 0.440), ctime: 1.073732s (175ns per bit)
[eh-ac] [ctx: 14, align: 2, cache:  8] csize: 338364 (ratio 0.440), ctime: 1.208641458s (197ns per bit)
[eh-ac] [ctx: 14, align: 2, cache:  0] csize: 338364 (ratio 0.440), ctime: 1.312324375s (213ns per bit)
[eh-ac] [ctx: 14, align: 2, cache:  4] csize: 338364 (ratio 0.440), ctime: 1.367629334s (222ns per bit)
-> fastest: 338364 in 834.965917ms (136ns per bit) for [ctx: 14, align: 2, cache: 16]
[eh-ac] [ctx: 14, align: 3, cache: 16] csize: 304496 (ratio 0.396), ctime: 772.402542ms (126ns per bit)
[eh-ac] [ctx: 14, align: 3, cache: 20] csize: 304496 (ratio 0.396), ctime: 906.476084ms (147ns per bit)
[eh-ac] [ctx: 14, align: 3, cache: 12] csize: 304496 (ratio 0.396), ctime: 929.455417ms (151ns per bit)
[eh-ac] [ctx: 14, align: 3, cache: 24] csize: 304496 (ratio 0.396), ctime: 1.007864917s (164ns per bit)
[eh-ac] [ctx: 14, align: 3, cache:  8] csize: 304496 (ratio 0.396), ctime: 1.105455667s (180ns per bit)
[eh-ac] [ctx: 14, align: 3, cache:  0] csize: 304496 (ratio 0.396), ctime: 1.209149042s (197ns per bit)
[eh-ac] [ctx: 14, align: 3, cache:  4] csize: 304496 (ratio 0.396), ctime: 1.257711334s (205ns per bit)
-> fastest: 304496 in 772.402542ms (126ns per bit) for [ctx: 14, align: 3, cache: 16]
[eh-ac] [ctx: 14, align: 4, cache: 16] csize: 320894 (ratio 0.417), ctime: 760.22275ms (124ns per bit)
[eh-ac] [ctx: 14, align: 4, cache: 12] csize: 320894 (ratio 0.417), ctime: 850.044167ms (138ns per bit)
[eh-ac] [ctx: 14, align: 4, cache: 20] csize: 320894 (ratio 0.417), ctime: 910.801375ms (148ns per bit)
[eh-ac] [ctx: 14, align: 4, cache: 24] csize: 320894 (ratio 0.417), ctime: 953.806583ms (155ns per bit)
[eh-ac] [ctx: 14, align: 4, cache:  8] csize: 320894 (ratio 0.417), ctime: 1.008982083s (164ns per bit)
[eh-ac] [ctx: 14, align: 4, cache:  0] csize: 320894 (ratio 0.417), ctime: 1.086105s (177ns per bit)
[eh-ac] [ctx: 14, align: 4, cache:  4] csize: 320894 (ratio 0.417), ctime: 1.167029334s (190ns per bit)
-> fastest: 320894 in 760.22275ms (124ns per bit) for [ctx: 14, align: 4, cache: 16]
--> best: 304496 in 772.402542ms (126ns per bit) for [ctx: 14, align: 3, cache: 16]
[eh-ac] [ctx: 15, align: 0, cache: 20] csize: 453528 (ratio 0.590), ctime: 959.812584ms (156ns per bit)
[eh-ac] [ctx: 15, align: 0, cache: 24] csize: 453528 (ratio 0.590), ctime: 1.00579025s (164ns per bit)
[eh-ac] [ctx: 15, align: 0, cache: 16] csize: 453528 (ratio 0.590), ctime: 1.137042875s (185ns per bit)
[eh-ac] [ctx: 15, align: 0, cache: 12] csize: 453528 (ratio 0.590), ctime: 1.321863333s (215ns per bit)
[eh-ac] [ctx: 15, align: 0, cache:  8] csize: 453528 (ratio 0.590), ctime: 1.523916958s (248ns per bit)
[eh-ac] [ctx: 15, align: 0, cache:  0] csize: 453528 (ratio 0.590), ctime: 1.633519958s (266ns per bit)
[eh-ac] [ctx: 15, align: 0, cache:  4] csize: 453528 (ratio 0.590), ctime: 1.683195125s (274ns per bit)
-> fastest: 453528 in 959.812584ms (156ns per bit) for [ctx: 15, align: 0, cache: 20]
[eh-ac] [ctx: 15, align: 1, cache: 20] csize: 344402 (ratio 0.448), ctime: 904.590916ms (147ns per bit)
[eh-ac] [ctx: 15, align: 1, cache: 16] csize: 344402 (ratio 0.448), ctime: 1.039380458s (169ns per bit)
[eh-ac] [ctx: 15, align: 1, cache: 24] csize: 344402 (ratio 0.448), ctime: 1.04803625s (170ns per bit)
[eh-ac] [ctx: 15, align: 1, cache: 12] csize: 344402 (ratio 0.448), ctime: 1.226333333s (199ns per bit)
[eh-ac] [ctx: 15, align: 1, cache:  8] csize: 344402 (ratio 0.448), ctime: 1.425762709s (232ns per bit)
[eh-ac] [ctx: 15, align: 1, cache:  0] csize: 344402 (ratio 0.448), ctime: 1.519693583s (247ns per bit)
[eh-ac] [ctx: 15, align: 1, cache:  4] csize: 344402 (ratio 0.448), ctime: 1.568825125s (255ns per bit)
-> fastest: 344402 in 904.590916ms (147ns per bit) for [ctx: 15, align: 1, cache: 20]
[eh-ac] [ctx: 15, align: 2, cache: 20] csize: 315520 (ratio 0.410), ctime: 882.730709ms (144ns per bit)
[eh-ac] [ctx: 15, align: 2, cache: 16] csize: 315520 (ratio 0.410), ctime: 951.008875ms (155ns per bit)
[eh-ac] [ctx: 15, align: 2, cache: 24] csize: 315520 (ratio 0.410), ctime: 1.054832667s (172ns per bit)
[eh-ac] [ctx: 15, align: 2, cache: 12] csize: 315520 (ratio 0.410), ctime: 1.119062709s (182ns per bit)
[eh-ac] [ctx: 15, align: 2, cache:  8] csize: 315520 (ratio 0.410), ctime: 1.316420292s (214ns per bit)
[eh-ac] [ctx: 15, align: 2, cache:  0] csize: 315520 (ratio 0.410), ctime: 1.417214209s (230ns per bit)
[eh-ac] [ctx: 15, align: 2, cache:  4] csize: 315520 (ratio 0.410), ctime: 1.473354875s (240ns per bit)
-> fastest: 315520 in 882.730709ms (144ns per bit) for [ctx: 15, align: 2, cache: 20]
[eh-ac] [ctx: 15, align: 3, cache: 16] csize: 291451 (ratio 0.379), ctime: 829.887375ms (135ns per bit)
[eh-ac] [ctx: 15, align: 3, cache: 20] csize: 291451 (ratio 0.379), ctime: 902.763958ms (147ns per bit)
[eh-ac] [ctx: 15, align: 3, cache: 12] csize: 291451 (ratio 0.379), ctime: 1.044312208s (170ns per bit)
[eh-ac] [ctx: 15, align: 3, cache: 24] csize: 291451 (ratio 0.379), ctime: 1.068269792s (174ns per bit)
[eh-ac] [ctx: 15, align: 3, cache:  8] csize: 291451 (ratio 0.379), ctime: 1.216896416s (198ns per bit)
[eh-ac] [ctx: 15, align: 3, cache:  0] csize: 291451 (ratio 0.379), ctime: 1.302277583s (212ns per bit)
[eh-ac] [ctx: 15, align: 3, cache:  4] csize: 291451 (ratio 0.379), ctime: 1.357538875s (221ns per bit)
-> fastest: 291451 in 829.887375ms (135ns per bit) for [ctx: 15, align: 3, cache: 16]
[eh-ac] [ctx: 15, align: 4, cache: 16] csize: 308637 (ratio 0.401), ctime: 780.718ms (127ns per bit)
[eh-ac] [ctx: 15, align: 4, cache: 20] csize: 308637 (ratio 0.401), ctime: 901.950333ms (147ns per bit)
[eh-ac] [ctx: 15, align: 4, cache: 12] csize: 308637 (ratio 0.401), ctime: 953.766125ms (155ns per bit)
[eh-ac] [ctx: 15, align: 4, cache: 24] csize: 308637 (ratio 0.401), ctime: 1.020471208s (166ns per bit)
[eh-ac] [ctx: 15, align: 4, cache:  8] csize: 308637 (ratio 0.401), ctime: 1.11500025s (181ns per bit)
[eh-ac] [ctx: 15, align: 4, cache:  0] csize: 308637 (ratio 0.401), ctime: 1.201019875s (195ns per bit)
[eh-ac] [ctx: 15, align: 4, cache:  4] csize: 308637 (ratio 0.401), ctime: 1.254029042s (204ns per bit)
-> fastest: 308637 in 780.718ms (127ns per bit) for [ctx: 15, align: 4, cache: 16]
--> best: 291451 in 829.887375ms (135ns per bit) for [ctx: 15, align: 3, cache: 16]
[eh-ac] [ctx: 16, align: 0, cache: 24] csize: 416608 (ratio 0.542), ctime: 979.636583ms (159ns per bit)
[eh-ac] [ctx: 16, align: 0, cache: 20] csize: 416608 (ratio 0.542), ctime: 1.047961042s (170ns per bit)
[eh-ac] [ctx: 16, align: 0, cache: 16] csize: 416608 (ratio 0.542), ctime: 1.231663458s (200ns per bit)
[eh-ac] [ctx: 16, align: 0, cache: 12] csize: 416608 (ratio 0.542), ctime: 1.42941475s (232ns per bit)
[eh-ac] [ctx: 16, align: 0, cache:  8] csize: 416608 (ratio 0.542), ctime: 1.6406505s (267ns per bit)
[eh-ac] [ctx: 16, align: 0, cache:  0] csize: 416608 (ratio 0.542), ctime: 1.744430583s (284ns per bit)
[eh-ac] [ctx: 16, align: 0, cache:  4] csize: 416608 (ratio 0.542), ctime: 1.78294325s (290ns per bit)
-> fastest: 416608 in 979.636583ms (159ns per bit) for [ctx: 16, align: 0, cache: 24]
[eh-ac] [ctx: 16, align: 1, cache: 20] csize: 318875 (ratio 0.415), ctime: 966.602125ms (157ns per bit)
[eh-ac] [ctx: 16, align: 1, cache: 24] csize: 318875 (ratio 0.415), ctime: 1.010424959s (164ns per bit)
[eh-ac] [ctx: 16, align: 1, cache: 16] csize: 318875 (ratio 0.415), ctime: 1.12751925s (183ns per bit)
[eh-ac] [ctx: 16, align: 1, cache: 12] csize: 318875 (ratio 0.415), ctime: 1.319913s (215ns per bit)
[eh-ac] [ctx: 16, align: 1, cache:  8] csize: 318875 (ratio 0.415), ctime: 1.521821042s (247ns per bit)
[eh-ac] [ctx: 16, align: 1, cache:  0] csize: 318875 (ratio 0.415), ctime: 1.630143458s (265ns per bit)
[eh-ac] [ctx: 16, align: 1, cache:  4] csize: 318875 (ratio 0.415), ctime: 1.660317958s (270ns per bit)
-> fastest: 318875 in 966.602125ms (157ns per bit) for [ctx: 16, align: 1, cache: 20]
[eh-ac] [ctx: 16, align: 2, cache: 20] csize: 299021 (ratio 0.389), ctime: 895.982459ms (146ns per bit)
[eh-ac] [ctx: 16, align: 2, cache: 16] csize: 299021 (ratio 0.389), ctime: 1.039768417s (169ns per bit)
[eh-ac] [ctx: 16, align: 2, cache: 24] csize: 299021 (ratio 0.389), ctime: 1.061025792s (173ns per bit)
[eh-ac] [ctx: 16, align: 2, cache: 12] csize: 299021 (ratio 0.389), ctime: 1.227669625s (200ns per bit)
[eh-ac] [ctx: 16, align: 2, cache:  8] csize: 299021 (ratio 0.389), ctime: 1.421209459s (231ns per bit)
[eh-ac] [ctx: 16, align: 2, cache:  0] csize: 299021 (ratio 0.389), ctime: 1.523145708s (248ns per bit)
[eh-ac] [ctx: 16, align: 2, cache:  4] csize: 299021 (ratio 0.389), ctime: 1.576236042s (256ns per bit)
-> fastest: 299021 in 895.982459ms (146ns per bit) for [ctx: 16, align: 2, cache: 20]
[eh-ac] [ctx: 16, align: 3, cache: 20] csize: 280621 (ratio 0.365), ctime: 895.28175ms (146ns per bit)
[eh-ac] [ctx: 16, align: 3, cache: 16] csize: 280621 (ratio 0.365), ctime: 947.348292ms (154ns per bit)
[eh-ac] [ctx: 16, align: 3, cache: 24] csize: 280621 (ratio 0.365), ctime: 1.069632833s (174ns per bit)
[eh-ac] [ctx: 16, align: 3, cache: 12] csize: 280621 (ratio 0.365), ctime: 1.140476917s (185ns per bit)
[eh-ac] [ctx: 16, align: 3, cache:  8] csize: 280621 (ratio 0.365), ctime: 1.313889333s (214ns per bit)
[eh-ac] [ctx: 16, align: 3, cache:  0] csize: 280621 (ratio 0.365), ctime: 1.425336833s (232ns per bit)
[eh-ac] [ctx: 16, align: 3, cache:  4] csize: 280621 (ratio 0.365), ctime: 1.460888125s (238ns per bit)
-> fastest: 280621 in 895.28175ms (146ns per bit) for [ctx: 16, align: 3, cache: 20]
[eh-ac] [ctx: 16, align: 4, cache: 16] csize: 297256 (ratio 0.387), ctime: 853.322042ms (139ns per bit)
[eh-ac] [ctx: 16, align: 4, cache: 20] csize: 297256 (ratio 0.387), ctime: 915.276ms (149ns per bit)
[eh-ac] [ctx: 16, align: 4, cache: 12] csize: 297256 (ratio 0.387), ctime: 1.030742958s (168ns per bit)
[eh-ac] [ctx: 16, align: 4, cache: 24] csize: 297256 (ratio 0.387), ctime: 1.082996333s (176ns per bit)
[eh-ac] [ctx: 16, align: 4, cache:  8] csize: 297256 (ratio 0.387), ctime: 1.230551833s (200ns per bit)
[eh-ac] [ctx: 16, align: 4, cache:  0] csize: 297256 (ratio 0.387), ctime: 1.315872083s (214ns per bit)
[eh-ac] [ctx: 16, align: 4, cache:  4] csize: 297256 (ratio 0.387), ctime: 1.35817725s (221ns per bit)
-> fastest: 297256 in 853.322042ms (139ns per bit) for [ctx: 16, align: 4, cache: 16]
--> best: 280621 in 895.28175ms (146ns per bit) for [ctx: 16, align: 3, cache: 20]
[eh-ac] [ctx: 17, align: 0, cache: 24] csize: 378746 (ratio 0.493), ctime: 1.00988175s (164ns per bit)
[eh-ac] [ctx: 17, align: 0, cache: 20] csize: 378746 (ratio 0.493), ctime: 1.141000458s (186ns per bit)
[eh-ac] [ctx: 17, align: 0, cache: 16] csize: 378746 (ratio 0.493), ctime: 1.331667459s (217ns per bit)
[eh-ac] [ctx: 17, align: 0, cache: 12] csize: 378746 (ratio 0.493), ctime: 1.53953775s (250ns per bit)
[eh-ac] [ctx: 17, align: 0, cache:  8] csize: 378746 (ratio 0.493), ctime: 1.743405084s (283ns per bit)
[eh-ac] [ctx: 17, align: 0, cache:  0] csize: 378746 (ratio 0.493), ctime: 1.855322s (302ns per bit)
[eh-ac] [ctx: 17, align: 0, cache:  4] csize: 378746 (ratio 0.493), ctime: 1.910892375s (311ns per bit)
-> fastest: 378746 in 1.00988175s (164ns per bit) for [ctx: 17, align: 0, cache: 24]
[eh-ac] [ctx: 17, align: 1, cache: 24] csize: 300861 (ratio 0.391), ctime: 993.561292ms (162ns per bit)
[eh-ac] [ctx: 17, align: 1, cache: 20] csize: 300861 (ratio 0.391), ctime: 1.044399333s (170ns per bit)
[eh-ac] [ctx: 17, align: 1, cache: 16] csize: 300861 (ratio 0.391), ctime: 1.238861041s (201ns per bit)
[eh-ac] [ctx: 17, align: 1, cache: 12] csize: 300861 (ratio 0.391), ctime: 1.420546208s (231ns per bit)
[eh-ac] [ctx: 17, align: 1, cache:  8] csize: 300861 (ratio 0.391), ctime: 1.64159275s (267ns per bit)
[eh-ac] [ctx: 17, align: 1, cache:  0] csize: 300861 (ratio 0.391), ctime: 1.731971708s (282ns per bit)
[eh-ac] [ctx: 17, align: 1, cache:  4] csize: 300861 (ratio 0.391), ctime: 1.778214042s (289ns per bit)
-> fastest: 300861 in 993.561292ms (162ns per bit) for [ctx: 17, align: 1, cache: 24]
[eh-ac] [ctx: 17, align: 2, cache: 20] csize: 285583 (ratio 0.371), ctime: 959.336ms (156ns per bit)
[eh-ac] [ctx: 17, align: 2, cache: 24] csize: 285583 (ratio 0.371), ctime: 1.0096045s (164ns per bit)
[eh-ac] [ctx: 17, align: 2, cache: 16] csize: 285583 (ratio 0.371), ctime: 1.140162709s (185ns per bit)
[eh-ac] [ctx: 17, align: 2, cache: 12] csize: 285583 (ratio 0.371), ctime: 1.324217792s (215ns per bit)
[eh-ac] [ctx: 17, align: 2, cache:  8] csize: 285583 (ratio 0.371), ctime: 1.526647458s (248ns per bit)
[eh-ac] [ctx: 17, align: 2, cache:  0] csize: 285583 (ratio 0.371), ctime: 1.626594625s (264ns per bit)
[eh-ac] [ctx: 17, align: 2, cache:  4] csize: 285583 (ratio 0.371), ctime: 1.685313541s (274ns per bit)
-> fastest: 285583 in 959.336ms (156ns per bit) for [ctx: 17, align: 2, cache: 20]
[eh-ac] [ctx: 17, align: 3, cache: 20] csize: 272974 (ratio 0.355), ctime: 918.582416ms (149ns per bit)
[eh-ac] [ctx: 17, align: 3, cache: 16] csize: 272974 (ratio 0.355), ctime: 1.044360875s (170ns per bit)
[eh-ac] [ctx: 17, align: 3, cache: 24] csize: 272974 (ratio 0.355), ctime: 1.069239208s (174ns per bit)
[eh-ac] [ctx: 17, align: 3, cache: 12] csize: 272974 (ratio 0.355), ctime: 1.22839925s (200ns per bit)
[eh-ac] [ctx: 17, align: 3, cache:  8] csize: 272974 (ratio 0.355), ctime: 1.445023625s (235ns per bit)
[eh-ac] [ctx: 17, align: 3, cache:  0] csize: 272974 (ratio 0.355), ctime: 1.555425708s (253ns per bit)
[eh-ac] [ctx: 17, align: 3, cache:  4] csize: 272974 (ratio 0.355), ctime: 1.59664s (260ns per bit)
-> fastest: 272974 in 918.582416ms (149ns per bit) for [ctx: 17, align: 3, cache: 20]
[eh-ac] [ctx: 17, align: 4, cache: 20] csize: 288497 (ratio 0.375), ctime: 905.251166ms (147ns per bit)
[eh-ac] [ctx: 17, align: 4, cache: 16] csize: 288497 (ratio 0.375), ctime: 958.317709ms (156ns per bit)
[eh-ac] [ctx: 17, align: 4, cache: 24] csize: 288497 (ratio 0.375), ctime: 1.0692905s (174ns per bit)
[eh-ac] [ctx: 17, align: 4, cache: 12] csize: 288497 (ratio 0.375), ctime: 1.151295166s (187ns per bit)
[eh-ac] [ctx: 17, align: 4, cache:  8] csize: 288497 (ratio 0.375), ctime: 1.348422834s (219ns per bit)
[eh-ac] [ctx: 17, align: 4, cache:  0] csize: 288497 (ratio 0.375), ctime: 1.433359708s (233ns per bit)
[eh-ac] [ctx: 17, align: 4, cache:  4] csize: 288497 (ratio 0.375), ctime: 1.488666041s (242ns per bit)
-> fastest: 288497 in 905.251166ms (147ns per bit) for [ctx: 17, align: 4, cache: 20]
--> best: 272974 in 918.582416ms (149ns per bit) for [ctx: 17, align: 3, cache: 20]
[eh-ac] [ctx: 18, align: 0, cache: 24] csize: 351559 (ratio 0.457), ctime: 1.125031667s (183ns per bit)
[eh-ac] [ctx: 18, align: 0, cache: 20] csize: 351559 (ratio 0.457), ctime: 1.276979167s (208ns per bit)
[eh-ac] [ctx: 18, align: 0, cache: 16] csize: 351559 (ratio 0.457), ctime: 1.46928s (239ns per bit)
[eh-ac] [ctx: 18, align: 0, cache: 12] csize: 351559 (ratio 0.457), ctime: 1.680332792s (273ns per bit)
[eh-ac] [ctx: 18, align: 0, cache:  8] csize: 351559 (ratio 0.457), ctime: 1.880163333s (306ns per bit)
[eh-ac] [ctx: 18, align: 0, cache:  0] csize: 351559 (ratio 0.457), ctime: 1.989960333s (324ns per bit)
[eh-ac] [ctx: 18, align: 0, cache:  4] csize: 351559 (ratio 0.457), ctime: 2.051462292s (334ns per bit)
-> fastest: 351559 in 1.125031667s (183ns per bit) for [ctx: 18, align: 0, cache: 24]
[eh-ac] [ctx: 18, align: 1, cache: 24] csize: 287439 (ratio 0.374), ctime: 1.062656625s (173ns per bit)
[eh-ac] [ctx: 18, align: 1, cache: 20] csize: 287439 (ratio 0.374), ctime: 1.173297375s (191ns per bit)
[eh-ac] [ctx: 18, align: 1, cache: 16] csize: 287439 (ratio 0.374), ctime: 1.370321667s (223ns per bit)
[eh-ac] [ctx: 18, align: 1, cache: 12] csize: 287439 (ratio 0.374), ctime: 1.565489583s (255ns per bit)
[eh-ac] [ctx: 18, align: 1, cache:  8] csize: 287439 (ratio 0.374), ctime: 1.775158417s (289ns per bit)
[eh-ac] [ctx: 18, align: 1, cache:  0] csize: 287439 (ratio 0.374), ctime: 1.878765833s (305ns per bit)
[eh-ac] [ctx: 18, align: 1, cache:  4] csize: 287439 (ratio 0.374), ctime: 1.922019833s (313ns per bit)
-> fastest: 287439 in 1.062656625s (173ns per bit) for [ctx: 18, align: 1, cache: 24]
[eh-ac] [ctx: 18, align: 2, cache: 24] csize: 276626 (ratio 0.360), ctime: 1.03951825s (169ns per bit)
[eh-ac] [ctx: 18, align: 2, cache: 20] csize: 276626 (ratio 0.360), ctime: 1.078033167s (175ns per bit)
[eh-ac] [ctx: 18, align: 2, cache: 16] csize: 276626 (ratio 0.360), ctime: 1.263871333s (206ns per bit)
[eh-ac] [ctx: 18, align: 2, cache: 12] csize: 276626 (ratio 0.360), ctime: 1.46656375s (238ns per bit)
[eh-ac] [ctx: 18, align: 2, cache:  8] csize: 276626 (ratio 0.360), ctime: 1.666559375s (271ns per bit)
[eh-ac] [ctx: 18, align: 2, cache:  0] csize: 276626 (ratio 0.360), ctime: 1.779923041s (289ns per bit)
[eh-ac] [ctx: 18, align: 2, cache:  4] csize: 276626 (ratio 0.360), ctime: 1.829764459s (298ns per bit)
-> fastest: 276626 in 1.03951825s (169ns per bit) for [ctx: 18, align: 2, cache: 24]
[eh-ac] [ctx: 18, align: 3, cache: 20] csize: 267552 (ratio 0.348), ctime: 1.0189305s (166ns per bit)
[eh-ac] [ctx: 18, align: 3, cache: 24] csize: 267552 (ratio 0.348), ctime: 1.060657541s (172ns per bit)
[eh-ac] [ctx: 18, align: 3, cache: 16] csize: 267552 (ratio 0.348), ctime: 1.173463125s (191ns per bit)
[eh-ac] [ctx: 18, align: 3, cache: 12] csize: 267552 (ratio 0.348), ctime: 1.367523459s (222ns per bit)
[eh-ac] [ctx: 18, align: 3, cache:  8] csize: 267552 (ratio 0.348), ctime: 1.580402291s (257ns per bit)
[eh-ac] [ctx: 18, align: 3, cache:  0] csize: 267552 (ratio 0.348), ctime: 1.670003416s (272ns per bit)
[eh-ac] [ctx: 18, align: 3, cache:  4] csize: 267552 (ratio 0.348), ctime: 1.725885959s (281ns per bit)
-> fastest: 267552 in 1.0189305s (166ns per bit) for [ctx: 18, align: 3, cache: 20]
[eh-ac] [ctx: 18, align: 4, cache: 20] csize: 283267 (ratio 0.368), ctime: 964.47725ms (157ns per bit)
[eh-ac] [ctx: 18, align: 4, cache: 16] csize: 283267 (ratio 0.368), ctime: 1.101051916s (179ns per bit)
[eh-ac] [ctx: 18, align: 4, cache: 24] csize: 283267 (ratio 0.368), ctime: 1.113876333s (181ns per bit)
[eh-ac] [ctx: 18, align: 4, cache: 12] csize: 283267 (ratio 0.368), ctime: 1.28562925s (209ns per bit)
[eh-ac] [ctx: 18, align: 4, cache:  8] csize: 283267 (ratio 0.368), ctime: 1.48446175s (241ns per bit)
[eh-ac] [ctx: 18, align: 4, cache:  0] csize: 283267 (ratio 0.368), ctime: 1.573249334s (256ns per bit)
[eh-ac] [ctx: 18, align: 4, cache:  4] csize: 283267 (ratio 0.368), ctime: 1.646482084s (268ns per bit)
-> fastest: 283267 in 964.47725ms (157ns per bit) for [ctx: 18, align: 4, cache: 20]
--> best: 267552 in 1.0189305s (166ns per bit) for [ctx: 18, align: 3, cache: 20]
[eh-ac] [ctx: 19, align: 0, cache: 24] csize: 333472 (ratio 0.434), ctime: 1.310783833s (213ns per bit)
[eh-ac] [ctx: 19, align: 0, cache: 20] csize: 333472 (ratio 0.434), ctime: 1.465701208s (238ns per bit)
[eh-ac] [ctx: 19, align: 0, cache: 16] csize: 333472 (ratio 0.434), ctime: 1.655114875s (269ns per bit)
[eh-ac] [ctx: 19, align: 0, cache: 12] csize: 333472 (ratio 0.434), ctime: 1.886754s (307ns per bit)
[eh-ac] [ctx: 19, align: 0, cache:  8] csize: 333472 (ratio 0.434), ctime: 2.066735209s (336ns per bit)
[eh-ac] [ctx: 19, align: 0, cache:  0] csize: 333472 (ratio 0.434), ctime: 2.177268583s (354ns per bit)
[eh-ac] [ctx: 19, align: 0, cache:  4] csize: 333472 (ratio 0.434), ctime: 2.24357325s (365ns per bit)
-> fastest: 333472 in 1.310783833s (213ns per bit) for [ctx: 19, align: 0, cache: 24]
[eh-ac] [ctx: 19, align: 1, cache: 24] csize: 279745 (ratio 0.364), ctime: 1.211171166s (197ns per bit)
[eh-ac] [ctx: 19, align: 1, cache: 20] csize: 279745 (ratio 0.364), ctime: 1.359686s (221ns per bit)
[eh-ac] [ctx: 19, align: 1, cache: 16] csize: 279745 (ratio 0.364), ctime: 1.56218975s (254ns per bit)
[eh-ac] [ctx: 19, align: 1, cache: 12] csize: 279745 (ratio 0.364), ctime: 1.753395709s (285ns per bit)
[eh-ac] [ctx: 19, align: 1, cache:  8] csize: 279745 (ratio 0.364), ctime: 1.965369459s (320ns per bit)
[eh-ac] [ctx: 19, align: 1, cache:  0] csize: 279745 (ratio 0.364), ctime: 2.072434875s (337ns per bit)
[eh-ac] [ctx: 19, align: 1, cache:  4] csize: 279745 (ratio 0.364), ctime: 2.120500208s (345ns per bit)
-> fastest: 279745 in 1.211171166s (197ns per bit) for [ctx: 19, align: 1, cache: 24]
[eh-ac] [ctx: 19, align: 2, cache: 24] csize: 270854 (ratio 0.352), ctime: 1.138090084s (185ns per bit)
[eh-ac] [ctx: 19, align: 2, cache: 20] csize: 270854 (ratio 0.352), ctime: 1.27420525s (207ns per bit)
[eh-ac] [ctx: 19, align: 2, cache: 16] csize: 270854 (ratio 0.352), ctime: 1.443692541s (235ns per bit)
[eh-ac] [ctx: 19, align: 2, cache: 12] csize: 270854 (ratio 0.352), ctime: 1.656965917s (269ns per bit)
[eh-ac] [ctx: 19, align: 2, cache:  8] csize: 270854 (ratio 0.352), ctime: 1.84836325s (301ns per bit)
[eh-ac] [ctx: 19, align: 2, cache:  0] csize: 270854 (ratio 0.352), ctime: 1.958169333s (318ns per bit)
[eh-ac] [ctx: 19, align: 2, cache:  4] csize: 270854 (ratio 0.352), ctime: 2.01192025s (327ns per bit)
-> fastest: 270854 in 1.138090084s (185ns per bit) for [ctx: 19, align: 2, cache: 24]
[eh-ac] [ctx: 19, align: 3, cache: 24] csize: 264450 (ratio 0.344), ctime: 1.101682875s (179ns per bit)
[eh-ac] [ctx: 19, align: 3, cache: 20] csize: 264450 (ratio 0.344), ctime: 1.153532583s (188ns per bit)
[eh-ac] [ctx: 19, align: 3, cache: 16] csize: 264450 (ratio 0.344), ctime: 1.351489917s (220ns per bit)
[eh-ac] [ctx: 19, align: 3, cache: 12] csize: 264450 (ratio 0.344), ctime: 1.522248041s (248ns per bit)
[eh-ac] [ctx: 19, align: 3, cache:  8] csize: 264450 (ratio 0.344), ctime: 1.753369416s (285ns per bit)
[eh-ac] [ctx: 19, align: 3, cache:  0] csize: 264450 (ratio 0.344), ctime: 1.839728333s (299ns per bit)
[eh-ac] [ctx: 19, align: 3, cache:  4] csize: 264450 (ratio 0.344), ctime: 1.893340666s (308ns per bit)
-> fastest: 264450 in 1.101682875s (179ns per bit) for [ctx: 19, align: 3, cache: 24]
[eh-ac] [ctx: 19, align: 4, cache: 20] csize: 280691 (ratio 0.365), ctime: 1.063789291s (173ns per bit)
[eh-ac] [ctx: 19, align: 4, cache: 24] csize: 280691 (ratio 0.365), ctime: 1.13294375s (184ns per bit)
[eh-ac] [ctx: 19, align: 4, cache: 16] csize: 280691 (ratio 0.365), ctime: 1.234032458s (201ns per bit)
[eh-ac] [ctx: 19, align: 4, cache: 12] csize: 280691 (ratio 0.365), ctime: 1.43519875s (233ns per bit)
[eh-ac] [ctx: 19, align: 4, cache:  8] csize: 280691 (ratio 0.365), ctime: 1.633485792s (266ns per bit)
[eh-ac] [ctx: 19, align: 4, cache:  0] csize: 280691 (ratio 0.365), ctime: 1.737311209s (282ns per bit)
[eh-ac] [ctx: 19, align: 4, cache:  4] csize: 280691 (ratio 0.365), ctime: 1.775761917s (289ns per bit)
-> fastest: 280691 in 1.063789291s (173ns per bit) for [ctx: 19, align: 4, cache: 20]
--> best: 264450 in 1.101682875s (179ns per bit) for [ctx: 19, align: 3, cache: 24]
[eh-ac] [ctx: 20, align: 0, cache: 24] csize: 321205 (ratio 0.418), ctime: 1.5339785s (249ns per bit)
[eh-ac] [ctx: 20, align: 0, cache: 20] csize: 321205 (ratio 0.418), ctime: 1.674138125s (272ns per bit)
[eh-ac] [ctx: 20, align: 0, cache: 16] csize: 321205 (ratio 0.418), ctime: 1.895703208s (308ns per bit)
[eh-ac] [ctx: 20, align: 0, cache: 12] csize: 321205 (ratio 0.418), ctime: 2.099110375s (341ns per bit)
[eh-ac] [ctx: 20, align: 0, cache:  8] csize: 321205 (ratio 0.418), ctime: 2.3057665s (375ns per bit)
[eh-ac] [ctx: 20, align: 0, cache:  0] csize: 321205 (ratio 0.418), ctime: 2.418902708s (393ns per bit)
[eh-ac] [ctx: 20, align: 0, cache:  4] csize: 321205 (ratio 0.418), ctime: 2.468930959s (401ns per bit)
-> fastest: 321205 in 1.5339785s (249ns per bit) for [ctx: 20, align: 0, cache: 24]
[eh-ac] [ctx: 20, align: 1, cache: 24] csize: 276904 (ratio 0.360), ctime: 1.416329333s (230ns per bit)
[eh-ac] [ctx: 20, align: 1, cache: 20] csize: 276904 (ratio 0.360), ctime: 1.575091083s (256ns per bit)
[eh-ac] [ctx: 20, align: 1, cache: 16] csize: 276904 (ratio 0.360), ctime: 1.765868417s (287ns per bit)
[eh-ac] [ctx: 20, align: 1, cache: 12] csize: 276904 (ratio 0.360), ctime: 1.984109125s (323ns per bit)
[eh-ac] [ctx: 20, align: 1, cache:  8] csize: 276904 (ratio 0.360), ctime: 2.173935458s (353ns per bit)
[eh-ac] [ctx: 20, align: 1, cache:  0] csize: 276904 (ratio 0.360), ctime: 2.282230375s (371ns per bit)
[eh-ac] [ctx: 20, align: 1, cache:  4] csize: 276904 (ratio 0.360), ctime: 2.330395125s (379ns per bit)
-> fastest: 276904 in 1.416329333s (230ns per bit) for [ctx: 20, align: 1, cache: 24]
[eh-ac] [ctx: 20, align: 2, cache: 24] csize: 268990 (ratio 0.350), ctime: 1.301509458s (212ns per bit)
[eh-ac] [ctx: 20, align: 2, cache: 20] csize: 268990 (ratio 0.350), ctime: 1.4845755s (241ns per bit)
[eh-ac] [ctx: 20, align: 2, cache: 16] csize: 268990 (ratio 0.350), ctime: 1.657027s (269ns per bit)
[eh-ac] [ctx: 20, align: 2, cache: 12] csize: 268990 (ratio 0.350), ctime: 1.8546885s (302ns per bit)
[eh-ac] [ctx: 20, align: 2, cache:  8] csize: 268990 (ratio 0.350), ctime: 2.064895084s (336ns per bit)
[eh-ac] [ctx: 20, align: 2, cache:  0] csize: 268990 (ratio 0.350), ctime: 2.160523584s (351ns per bit)
[eh-ac] [ctx: 20, align: 2, cache:  4] csize: 268990 (ratio 0.350), ctime: 2.237241917s (364ns per bit)
-> fastest: 268990 in 1.301509458s (212ns per bit) for [ctx: 20, align: 2, cache: 24]
[eh-ac] [ctx: 20, align: 3, cache: 24] csize: 262871 (ratio 0.342), ctime: 1.207722209s (196ns per bit)
[eh-ac] [ctx: 20, align: 3, cache: 20] csize: 262871 (ratio 0.342), ctime: 1.346694417s (219ns per bit)
[eh-ac] [ctx: 20, align: 3, cache: 16] csize: 262871 (ratio 0.342), ctime: 1.515722375s (246ns per bit)
[eh-ac] [ctx: 20, align: 3, cache: 12] csize: 262871 (ratio 0.342), ctime: 1.723051291s (280ns per bit)
[eh-ac] [ctx: 20, align: 3, cache:  8] csize: 262871 (ratio 0.342), ctime: 1.920671125s (312ns per bit)
[eh-ac] [ctx: 20, align: 3, cache:  0] csize: 262871 (ratio 0.342), ctime: 2.030322375s (330ns per bit)
[eh-ac] [ctx: 20, align: 3, cache:  4] csize: 262871 (ratio 0.342), ctime: 2.086193625s (339ns per bit)
-> fastest: 262871 in 1.207722209s (196ns per bit) for [ctx: 20, align: 3, cache: 24]
[eh-ac] [ctx: 20, align: 4, cache: 24] csize: 280753 (ratio 0.365), ctime: 1.167942708s (190ns per bit)
[eh-ac] [ctx: 20, align: 4, cache: 20] csize: 280753 (ratio 0.365), ctime: 1.22999275s (200ns per bit)
[eh-ac] [ctx: 20, align: 4, cache: 16] csize: 280753 (ratio 0.365), ctime: 1.396294208s (227ns per bit)
[eh-ac] [ctx: 20, align: 4, cache: 12] csize: 280753 (ratio 0.365), ctime: 1.613914459s (262ns per bit)
[eh-ac] [ctx: 20, align: 4, cache:  8] csize: 280753 (ratio 0.365), ctime: 1.80959675s (294ns per bit)
[eh-ac] [ctx: 20, align: 4, cache:  0] csize: 280753 (ratio 0.365), ctime: 1.906015917s (310ns per bit)
[eh-ac] [ctx: 20, align: 4, cache:  4] csize: 280753 (ratio 0.365), ctime: 1.979198917s (322ns per bit)
-> fastest: 280753 in 1.167942708s (190ns per bit) for [ctx: 20, align: 4, cache: 24]
--> best: 262871 in 1.207722209s (196ns per bit) for [ctx: 20, align: 3, cache: 24]
[eh-ac] [ctx: 21, align: 0, cache: 24] csize: 314057 (ratio 0.409), ctime: 1.720595708s (280ns per bit)
[eh-ac] [ctx: 21, align: 0, cache: 20] csize: 314057 (ratio 0.409), ctime: 1.9056985s (310ns per bit)
[eh-ac] [ctx: 21, align: 0, cache: 16] csize: 314057 (ratio 0.409), ctime: 2.0979095s (341ns per bit)
[eh-ac] [ctx: 21, align: 0, cache: 12] csize: 314057 (ratio 0.409), ctime: 2.268797375s (369ns per bit)
[eh-ac] [ctx: 21, align: 0, cache:  8] csize: 314057 (ratio 0.409), ctime: 2.50165625s (407ns per bit)
[eh-ac] [ctx: 21, align: 0, cache:  0] csize: 314057 (ratio 0.409), ctime: 2.63777975s (429ns per bit)
[eh-ac] [ctx: 21, align: 0, cache:  4] csize: 314057 (ratio 0.409), ctime: 2.681925084s (436ns per bit)
-> fastest: 314057 in 1.720595708s (280ns per bit) for [ctx: 21, align: 0, cache: 24]
[eh-ac] [ctx: 21, align: 1, cache: 24] csize: 278048 (ratio 0.362), ctime: 1.622973791s (264ns per bit)
[eh-ac] [ctx: 21, align: 1, cache: 20] csize: 278048 (ratio 0.362), ctime: 1.761142333s (286ns per bit)
[eh-ac] [ctx: 21, align: 1, cache: 16] csize: 278048 (ratio 0.362), ctime: 1.970072667s (320ns per bit)
[eh-ac] [ctx: 21, align: 1, cache: 12] csize: 278048 (ratio 0.362), ctime: 2.18863775s (356ns per bit)
[eh-ac] [ctx: 21, align: 1, cache:  8] csize: 278048 (ratio 0.362), ctime: 2.392368s (389ns per bit)
[eh-ac] [ctx: 21, align: 1, cache:  0] csize: 278048 (ratio 0.362), ctime: 2.500293125s (407ns per bit)
[eh-ac] [ctx: 21, align: 1, cache:  4] csize: 278048 (ratio 0.362), ctime: 2.593396625s (422ns per bit)
-> fastest: 278048 in 1.622973791s (264ns per bit) for [ctx: 21, align: 1, cache: 24]
[eh-ac] [ctx: 21, align: 2, cache: 24] csize: 269982 (ratio 0.351), ctime: 1.526220292s (248ns per bit)
[eh-ac] [ctx: 21, align: 2, cache: 20] csize: 269982 (ratio 0.351), ctime: 1.658606208s (270ns per bit)
[eh-ac] [ctx: 21, align: 2, cache: 16] csize: 269982 (ratio 0.351), ctime: 1.836546625s (299ns per bit)
[eh-ac] [ctx: 21, align: 2, cache: 12] csize: 269982 (ratio 0.351), ctime: 2.047234708s (333ns per bit)
[eh-ac] [ctx: 21, align: 2, cache:  8] csize: 269982 (ratio 0.351), ctime: 2.276410458s (370ns per bit)
[eh-ac] [ctx: 21, align: 2, cache:  0] csize: 269982 (ratio 0.351), ctime: 2.373909709s (386ns per bit)
[eh-ac] [ctx: 21, align: 2, cache:  4] csize: 269982 (ratio 0.351), ctime: 2.426840208s (395ns per bit)
-> fastest: 269982 in 1.526220292s (248ns per bit) for [ctx: 21, align: 2, cache: 24]
[eh-ac] [ctx: 21, align: 3, cache: 24] csize: 263687 (ratio 0.343), ctime: 1.3913095s (226ns per bit)
[eh-ac] [ctx: 21, align: 3, cache: 20] csize: 263687 (ratio 0.343), ctime: 1.521078958s (247ns per bit)
[eh-ac] [ctx: 21, align: 3, cache: 16] csize: 263687 (ratio 0.343), ctime: 1.717107959s (279ns per bit)
[eh-ac] [ctx: 21, align: 3, cache: 12] csize: 263687 (ratio 0.343), ctime: 1.938842792s (315ns per bit)
[eh-ac] [ctx: 21, align: 3, cache:  8] csize: 263687 (ratio 0.343), ctime: 2.148467375s (349ns per bit)
[eh-ac] [ctx: 21, align: 3, cache:  0] csize: 263687 (ratio 0.343), ctime: 2.230965042s (363ns per bit)
[eh-ac] [ctx: 21, align: 3, cache:  4] csize: 263687 (ratio 0.343), ctime: 2.284984625s (372ns per bit)
-> fastest: 263687 in 1.3913095s (226ns per bit) for [ctx: 21, align: 3, cache: 24]
[eh-ac] [ctx: 21, align: 4, cache: 24] csize: 282662 (ratio 0.368), ctime: 1.283453542s (209ns per bit)
[eh-ac] [ctx: 21, align: 4, cache: 20] csize: 282662 (ratio 0.368), ctime: 1.394477s (227ns per bit)
[eh-ac] [ctx: 21, align: 4, cache: 16] csize: 282662 (ratio 0.368), ctime: 1.590922959s (259ns per bit)
[eh-ac] [ctx: 21, align: 4, cache: 12] csize: 282662 (ratio 0.368), ctime: 1.774764333s (289ns per bit)
[eh-ac] [ctx: 21, align: 4, cache:  8] csize: 282662 (ratio 0.368), ctime: 1.993735917s (324ns per bit)
[eh-ac] [ctx: 21, align: 4, cache:  0] csize: 282662 (ratio 0.368), ctime: 2.10872275s (343ns per bit)
[eh-ac] [ctx: 21, align: 4, cache:  4] csize: 282662 (ratio 0.368), ctime: 2.170223625s (353ns per bit)
-> fastest: 282662 in 1.283453542s (209ns per bit) for [ctx: 21, align: 4, cache: 24]
--> best: 263687 in 1.3913095s (226ns per bit) for [ctx: 21, align: 3, cache: 24]
[eh-ac] [ctx: 22, align: 0, cache: 24] csize: 307226 (ratio 0.400), ctime: 1.927613125s (313ns per bit)
[eh-ac] [ctx: 22, align: 0, cache: 20] csize: 307226 (ratio 0.400), ctime: 2.115467791s (344ns per bit)
[eh-ac] [ctx: 22, align: 0, cache: 16] csize: 307226 (ratio 0.400), ctime: 2.289769125s (372ns per bit)
[eh-ac] [ctx: 22, align: 0, cache: 12] csize: 307226 (ratio 0.400), ctime: 2.513727959s (409ns per bit)
[eh-ac] [ctx: 22, align: 0, cache:  8] csize: 307226 (ratio 0.400), ctime: 2.696593208s (438ns per bit)
[eh-ac] [ctx: 22, align: 0, cache:  0] csize: 307226 (ratio 0.400), ctime: 2.820131834s (459ns per bit)
[eh-ac] [ctx: 22, align: 0, cache:  4] csize: 307226 (ratio 0.400), ctime: 2.879679625s (468ns per bit)
-> fastest: 307226 in 1.927613125s (313ns per bit) for [ctx: 22, align: 0, cache: 24]
[eh-ac] [ctx: 22, align: 1, cache: 24] csize: 282493 (ratio 0.367), ctime: 1.799601625s (293ns per bit)
[eh-ac] [ctx: 22, align: 1, cache: 20] csize: 282493 (ratio 0.367), ctime: 1.975754458s (321ns per bit)
[eh-ac] [ctx: 22, align: 1, cache: 16] csize: 282493 (ratio 0.367), ctime: 2.11972275s (345ns per bit)
[eh-ac] [ctx: 22, align: 1, cache: 12] csize: 282493 (ratio 0.367), ctime: 2.3276165s (378ns per bit)
[eh-ac] [ctx: 22, align: 1, cache:  8] csize: 282493 (ratio 0.367), ctime: 2.5403575s (413ns per bit)
[eh-ac] [ctx: 22, align: 1, cache:  0] csize: 282493 (ratio 0.367), ctime: 2.694736792s (438ns per bit)
[eh-ac] [ctx: 22, align: 1, cache:  4] csize: 282493 (ratio 0.367), ctime: 2.743886833s (446ns per bit)
-> fastest: 282493 in 1.799601625s (293ns per bit) for [ctx: 22, align: 1, cache: 24]
[eh-ac] [ctx: 22, align: 2, cache: 24] csize: 273671 (ratio 0.356), ctime: 1.678462792s (273ns per bit)
[eh-ac] [ctx: 22, align: 2, cache: 20] csize: 273671 (ratio 0.356), ctime: 1.80914575s (294ns per bit)
[eh-ac] [ctx: 22, align: 2, cache: 16] csize: 273671 (ratio 0.356), ctime: 2.030556208s (330ns per bit)
[eh-ac] [ctx: 22, align: 2, cache: 12] csize: 273671 (ratio 0.356), ctime: 2.209466625s (359ns per bit)
[eh-ac] [ctx: 22, align: 2, cache:  8] csize: 273671 (ratio 0.356), ctime: 2.430894708s (395ns per bit)
[eh-ac] [ctx: 22, align: 2, cache:  0] csize: 273671 (ratio 0.356), ctime: 2.575761959s (419ns per bit)
[eh-ac] [ctx: 22, align: 2, cache:  4] csize: 273671 (ratio 0.356), ctime: 2.620523417s (426ns per bit)
-> fastest: 273671 in 1.678462792s (273ns per bit) for [ctx: 22, align: 2, cache: 24]
[eh-ac] [ctx: 22, align: 3, cache: 24] csize: 266589 (ratio 0.347), ctime: 1.57548s (256ns per bit)
[eh-ac] [ctx: 22, align: 3, cache: 20] csize: 266589 (ratio 0.347), ctime: 1.700746416s (277ns per bit)
[eh-ac] [ctx: 22, align: 3, cache: 16] csize: 266589 (ratio 0.347), ctime: 1.884653875s (306ns per bit)
[eh-ac] [ctx: 22, align: 3, cache: 12] csize: 266589 (ratio 0.347), ctime: 2.096630584s (341ns per bit)
[eh-ac] [ctx: 22, align: 3, cache:  8] csize: 266589 (ratio 0.347), ctime: 2.279845834s (371ns per bit)
[eh-ac] [ctx: 22, align: 3, cache:  0] csize: 266589 (ratio 0.347), ctime: 2.413794667s (392ns per bit)
[eh-ac] [ctx: 22, align: 3, cache:  4] csize: 266589 (ratio 0.347), ctime: 2.505115875s (407ns per bit)
-> fastest: 266589 in 1.57548s (256ns per bit) for [ctx: 22, align: 3, cache: 24]
[eh-ac] [ctx: 22, align: 4, cache: 24] csize: 287199 (ratio 0.374), ctime: 1.443744875s (235ns per bit)
[eh-ac] [ctx: 22, align: 4, cache: 20] csize: 287199 (ratio 0.374), ctime: 1.5986825s (260ns per bit)
[eh-ac] [ctx: 22, align: 4, cache: 16] csize: 287199 (ratio 0.374), ctime: 1.745622125s (284ns per bit)
[eh-ac] [ctx: 22, align: 4, cache: 12] csize: 287199 (ratio 0.374), ctime: 1.967648459s (320ns per bit)
[eh-ac] [ctx: 22, align: 4, cache:  8] csize: 287199 (ratio 0.374), ctime: 2.163806875s (352ns per bit)
[eh-ac] [ctx: 22, align: 4, cache:  0] csize: 287199 (ratio 0.374), ctime: 2.3012385s (374ns per bit)
[eh-ac] [ctx: 22, align: 4, cache:  4] csize: 287199 (ratio 0.374), ctime: 2.363501875s (384ns per bit)
-> fastest: 287199 in 1.443744875s (235ns per bit) for [ctx: 22, align: 4, cache: 24]
--> best: 266589 in 1.57548s (256ns per bit) for [ctx: 22, align: 3, cache: 24]
[eh-ac] [ctx: 23, align: 0, cache: 24] csize: 309522 (ratio 0.403), ctime: 2.115119583s (344ns per bit)
[eh-ac] [ctx: 23, align: 0, cache: 20] csize: 309522 (ratio 0.403), ctime: 2.305157875s (375ns per bit)
[eh-ac] [ctx: 23, align: 0, cache: 16] csize: 309522 (ratio 0.403), ctime: 2.457351875s (400ns per bit)
[eh-ac] [ctx: 23, align: 0, cache: 12] csize: 309522 (ratio 0.403), ctime: 2.6557165s (432ns per bit)
[eh-ac] [ctx: 23, align: 0, cache:  8] csize: 309522 (ratio 0.403), ctime: 2.8857135s (469ns per bit)
[eh-ac] [ctx: 23, align: 0, cache:  0] csize: 309522 (ratio 0.403), ctime: 3.040767542s (494ns per bit)
[eh-ac] [ctx: 23, align: 0, cache:  4] csize: 309522 (ratio 0.403), ctime: 3.053095334s (496ns per bit)
-> fastest: 309522 in 2.115119583s (344ns per bit) for [ctx: 23, align: 0, cache: 24]
[eh-ac] [ctx: 23, align: 1, cache: 24] csize: 289586 (ratio 0.377), ctime: 1.98387375s (323ns per bit)
[eh-ac] [ctx: 23, align: 1, cache: 20] csize: 289586 (ratio 0.377), ctime: 2.149229041s (349ns per bit)
[eh-ac] [ctx: 23, align: 1, cache: 16] csize: 289586 (ratio 0.377), ctime: 2.32185825s (378ns per bit)
[eh-ac] [ctx: 23, align: 1, cache: 12] csize: 289586 (ratio 0.377), ctime: 2.521516375s (410ns per bit)
[eh-ac] [ctx: 23, align: 1, cache:  8] csize: 289586 (ratio 0.377), ctime: 2.778391542s (452ns per bit)
[eh-ac] [ctx: 23, align: 1, cache:  0] csize: 289586 (ratio 0.377), ctime: 2.901294083s (472ns per bit)
[eh-ac] [ctx: 23, align: 1, cache:  4] csize: 289586 (ratio 0.377), ctime: 2.910910833s (473ns per bit)
-> fastest: 289586 in 1.98387375s (323ns per bit) for [ctx: 23, align: 1, cache: 24]
[eh-ac] [ctx: 23, align: 2, cache: 24] csize: 279839 (ratio 0.364), ctime: 1.860902583s (303ns per bit)
[eh-ac] [ctx: 23, align: 2, cache: 20] csize: 279839 (ratio 0.364), ctime: 2.013100958s (327ns per bit)
[eh-ac] [ctx: 23, align: 2, cache: 16] csize: 279839 (ratio 0.364), ctime: 2.185304375s (355ns per bit)
[eh-ac] [ctx: 23, align: 2, cache: 12] csize: 279839 (ratio 0.364), ctime: 2.411978791s (392ns per bit)
[eh-ac] [ctx: 23, align: 2, cache:  8] csize: 279839 (ratio 0.364), ctime: 2.593707125s (422ns per bit)
[eh-ac] [ctx: 23, align: 2, cache:  0] csize: 279839 (ratio 0.364), ctime: 2.743954334s (446ns per bit)
[eh-ac] [ctx: 23, align: 2, cache:  4] csize: 279839 (ratio 0.364), ctime: 2.769185834s (450ns per bit)
-> fastest: 279839 in 1.860902583s (303ns per bit) for [ctx: 23, align: 2, cache: 24]
[eh-ac] [ctx: 23, align: 3, cache: 24] csize: 271523 (ratio 0.353), ctime: 1.744394458s (284ns per bit)
[eh-ac] [ctx: 23, align: 3, cache: 20] csize: 271523 (ratio 0.353), ctime: 1.868253917s (304ns per bit)
[eh-ac] [ctx: 23, align: 3, cache: 16] csize: 271523 (ratio 0.353), ctime: 2.077731333s (338ns per bit)
[eh-ac] [ctx: 23, align: 3, cache: 12] csize: 271523 (ratio 0.353), ctime: 2.243511834s (365ns per bit)
[eh-ac] [ctx: 23, align: 3, cache:  8] csize: 271523 (ratio 0.353), ctime: 2.489615s (405ns per bit)
[eh-ac] [ctx: 23, align: 3, cache:  0] csize: 271523 (ratio 0.353), ctime: 2.614148625s (425ns per bit)
[eh-ac] [ctx: 23, align: 3, cache:  4] csize: 271523 (ratio 0.353), ctime: 2.636061459s (429ns per bit)
-> fastest: 271523 in 1.744394458s (284ns per bit) for [ctx: 23, align: 3, cache: 24]
[eh-ac] [ctx: 23, align: 4, cache: 24] csize: 293940 (ratio 0.382), ctime: 1.594004375s (259ns per bit)
[eh-ac] [ctx: 23, align: 4, cache: 20] csize: 293940 (ratio 0.382), ctime: 1.772217958s (288ns per bit)
[eh-ac] [ctx: 23, align: 4, cache: 16] csize: 293940 (ratio 0.382), ctime: 1.981709791s (322ns per bit)
[eh-ac] [ctx: 23, align: 4, cache: 12] csize: 293940 (ratio 0.382), ctime: 2.210400667s (359ns per bit)
[eh-ac] [ctx: 23, align: 4, cache:  8] csize: 293940 (ratio 0.382), ctime: 2.355438042s (383ns per bit)
[eh-ac] [ctx: 23, align: 4, cache:  0] csize: 293940 (ratio 0.382), ctime: 2.498934542s (406ns per bit)
[eh-ac] [ctx: 23, align: 4, cache:  4] csize: 293940 (ratio 0.382), ctime: 2.570077291s (418ns per bit)
-> fastest: 293940 in 1.594004375s (259ns per bit) for [ctx: 23, align: 4, cache: 24]
--> best: 271523 in 1.744394458s (284ns per bit) for [ctx: 23, align: 3, cache: 24]
[eh-ac] [ctx: 24, align: 0, cache: 24] csize: 317011 (ratio 0.412), ctime: 2.335409708s (380ns per bit)
[eh-ac] [ctx: 24, align: 0, cache: 20] csize: 317011 (ratio 0.412), ctime: 2.4649325s (401ns per bit)
[eh-ac] [ctx: 24, align: 0, cache: 16] csize: 317011 (ratio 0.412), ctime: 2.633981375s (428ns per bit)
[eh-ac] [ctx: 24, align: 0, cache: 12] csize: 317011 (ratio 0.412), ctime: 2.910464667s (473ns per bit)
[eh-ac] [ctx: 24, align: 0, cache:  8] csize: 317011 (ratio 0.412), ctime: 3.093852833s (503ns per bit)
[eh-ac] [ctx: 24, align: 0, cache:  0] csize: 317011 (ratio 0.412), ctime: 3.220287625s (524ns per bit)
[eh-ac] [ctx: 24, align: 0, cache:  4] csize: 317011 (ratio 0.412), ctime: 3.282581166s (534ns per bit)
-> fastest: 317011 in 2.335409708s (380ns per bit) for [ctx: 24, align: 0, cache: 24]
[eh-ac] [ctx: 24, align: 1, cache: 24] csize: 298764 (ratio 0.389), ctime: 2.155158584s (350ns per bit)
[eh-ac] [ctx: 24, align: 1, cache: 20] csize: 298764 (ratio 0.389), ctime: 2.31331575s (376ns per bit)
[eh-ac] [ctx: 24, align: 1, cache: 16] csize: 298764 (ratio 0.389), ctime: 2.535327042s (412ns per bit)
[eh-ac] [ctx: 24, align: 1, cache: 12] csize: 298764 (ratio 0.389), ctime: 2.76329075s (449ns per bit)
[eh-ac] [ctx: 24, align: 1, cache:  8] csize: 298764 (ratio 0.389), ctime: 2.958931667s (481ns per bit)
[eh-ac] [ctx: 24, align: 1, cache:  0] csize: 298764 (ratio 0.389), ctime: 3.076629917s (500ns per bit)
[eh-ac] [ctx: 24, align: 1, cache:  4] csize: 298764 (ratio 0.389), ctime: 3.142268417s (511ns per bit)
-> fastest: 298764 in 2.155158584s (350ns per bit) for [ctx: 24, align: 1, cache: 24]
[eh-ac] [ctx: 24, align: 2, cache: 24] csize: 287957 (ratio 0.375), ctime: 2.035450292s (331ns per bit)
[eh-ac] [ctx: 24, align: 2, cache: 20] csize: 287957 (ratio 0.375), ctime: 2.169117542s (353ns per bit)
[eh-ac] [ctx: 24, align: 2, cache: 16] csize: 287957 (ratio 0.375), ctime: 2.404734834s (391ns per bit)
[eh-ac] [ctx: 24, align: 2, cache: 12] csize: 287957 (ratio 0.375), ctime: 2.60552s (424ns per bit)
[eh-ac] [ctx: 24, align: 2, cache:  8] csize: 287957 (ratio 0.375), ctime: 2.843928417s (462ns per bit)
[eh-ac] [ctx: 24, align: 2, cache:  0] csize: 287957 (ratio 0.375), ctime: 2.946168542s (479ns per bit)
[eh-ac] [ctx: 24, align: 2, cache:  4] csize: 287957 (ratio 0.375), ctime: 2.980876334s (485ns per bit)
-> fastest: 287957 in 2.035450292s (331ns per bit) for [ctx: 24, align: 2, cache: 24]
[eh-ac] [ctx: 24, align: 3, cache: 24] csize: 278441 (ratio 0.362), ctime: 1.921763959s (312ns per bit)
[eh-ac] [ctx: 24, align: 3, cache: 20] csize: 278441 (ratio 0.362), ctime: 2.043375292s (332ns per bit)
[eh-ac] [ctx: 24, align: 3, cache: 16] csize: 278441 (ratio 0.362), ctime: 2.246194583s (365ns per bit)
[eh-ac] [ctx: 24, align: 3, cache: 12] csize: 278441 (ratio 0.362), ctime: 2.470678667s (402ns per bit)
[eh-ac] [ctx: 24, align: 3, cache:  8] csize: 278441 (ratio 0.362), ctime: 2.714416417s (441ns per bit)
[eh-ac] [ctx: 24, align: 3, cache:  0] csize: 278441 (ratio 0.362), ctime: 2.826910541s (460ns per bit)
[eh-ac] [ctx: 24, align: 3, cache:  4] csize: 278441 (ratio 0.362), ctime: 2.865461542s (466ns per bit)
-> fastest: 278441 in 1.921763959s (312ns per bit) for [ctx: 24, align: 3, cache: 24]
[eh-ac] [ctx: 24, align: 4, cache: 24] csize: 302834 (ratio 0.394), ctime: 1.790098459s (291ns per bit)
[eh-ac] [ctx: 24, align: 4, cache: 20] csize: 302834 (ratio 0.394), ctime: 1.969910625s (320ns per bit)
[eh-ac] [ctx: 24, align: 4, cache: 16] csize: 302834 (ratio 0.394), ctime: 2.12884475s (346ns per bit)
[eh-ac] [ctx: 24, align: 4, cache: 12] csize: 302834 (ratio 0.394), ctime: 2.357257708s (383ns per bit)
[eh-ac] [ctx: 24, align: 4, cache:  8] csize: 302834 (ratio 0.394), ctime: 2.55294525s (415ns per bit)
[eh-ac] [ctx: 24, align: 4, cache:  0] csize: 302834 (ratio 0.394), ctime: 2.681767667s (436ns per bit)
[eh-ac] [ctx: 24, align: 4, cache:  4] csize: 302834 (ratio 0.394), ctime: 2.747010791s (447ns per bit)
-> fastest: 302834 in 1.790098459s (291ns per bit) for [ctx: 24, align: 4, cache: 24]
--> best: 278441 in 1.921763959s (312ns per bit) for [ctx: 24, align: 3, cache: 24]
[eh-ac] [ctx: 25, align: 0, cache: 24] csize: 327176 (ratio 0.426), ctime: 2.450741375s (398ns per bit)
[eh-ac] [ctx: 25, align: 0, cache: 20] csize: 327176 (ratio 0.426), ctime: 2.622350167s (426ns per bit)
[eh-ac] [ctx: 25, align: 0, cache: 16] csize: 327176 (ratio 0.426), ctime: 2.851222667s (464ns per bit)
[eh-ac] [ctx: 25, align: 0, cache: 12] csize: 327176 (ratio 0.426), ctime: 3.034920416s (493ns per bit)
[eh-ac] [ctx: 25, align: 0, cache:  8] csize: 327176 (ratio 0.426), ctime: 3.31959625s (540ns per bit)
[eh-ac] [ctx: 25, align: 0, cache:  0] csize: 327176 (ratio 0.426), ctime: 3.426170417s (557ns per bit)
[eh-ac] [ctx: 25, align: 0, cache:  4] csize: 327176 (ratio 0.426), ctime: 3.459461416s (562ns per bit)
-> fastest: 327176 in 2.450741375s (398ns per bit) for [ctx: 25, align: 0, cache: 24]
[eh-ac] [ctx: 25, align: 1, cache: 24] csize: 309924 (ratio 0.403), ctime: 2.348798416s (382ns per bit)
[eh-ac] [ctx: 25, align: 1, cache: 20] csize: 309924 (ratio 0.403), ctime: 2.4834625s (404ns per bit)
[eh-ac] [ctx: 25, align: 1, cache: 16] csize: 309924 (ratio 0.403), ctime: 2.740430959s (446ns per bit)
[eh-ac] [ctx: 25, align: 1, cache: 12] csize: 309924 (ratio 0.403), ctime: 2.960634084s (481ns per bit)
[eh-ac] [ctx: 25, align: 1, cache:  8] csize: 309924 (ratio 0.403), ctime: 3.131878542s (509ns per bit)
[eh-ac] [ctx: 25, align: 1, cache:  0] csize: 309924 (ratio 0.403), ctime: 3.279455833s (533ns per bit)
[eh-ac] [ctx: 25, align: 1, cache:  4] csize: 309924 (ratio 0.403), ctime: 3.349830333s (545ns per bit)
-> fastest: 309924 in 2.348798416s (382ns per bit) for [ctx: 25, align: 1, cache: 24]
[eh-ac] [ctx: 25, align: 2, cache: 24] csize: 297796 (ratio 0.387), ctime: 2.228824125s (362ns per bit)
[eh-ac] [ctx: 25, align: 2, cache: 20] csize: 297796 (ratio 0.387), ctime: 2.395900208s (390ns per bit)
[eh-ac] [ctx: 25, align: 2, cache: 16] csize: 297796 (ratio 0.387), ctime: 2.569476708s (418ns per bit)
[eh-ac] [ctx: 25, align: 2, cache: 12] csize: 297796 (ratio 0.387), ctime: 2.808642875s (457ns per bit)
[eh-ac] [ctx: 25, align: 2, cache:  8] csize: 297796 (ratio 0.387), ctime: 3.015923583s (490ns per bit)
[eh-ac] [ctx: 25, align: 2, cache:  0] csize: 297796 (ratio 0.387), ctime: 3.16353475s (514ns per bit)
[eh-ac] [ctx: 25, align: 2, cache:  4] csize: 297796 (ratio 0.387), ctime: 3.186476375s (518ns per bit)
-> fastest: 297796 in 2.228824125s (362ns per bit) for [ctx: 25, align: 2, cache: 24]
[eh-ac] [ctx: 25, align: 3, cache: 24] csize: 287059 (ratio 0.373), ctime: 2.086604875s (339ns per bit)
[eh-ac] [ctx: 25, align: 3, cache: 20] csize: 287059 (ratio 0.373), ctime: 2.234937042s (363ns per bit)
[eh-ac] [ctx: 25, align: 3, cache: 16] csize: 287059 (ratio 0.373), ctime: 2.460136125s (400ns per bit)
[eh-ac] [ctx: 25, align: 3, cache: 12] csize: 287059 (ratio 0.373), ctime: 2.6263585s (427ns per bit)
[eh-ac] [ctx: 25, align: 3, cache:  8] csize: 287059 (ratio 0.373), ctime: 2.924581167s (476ns per bit)
[eh-ac] [ctx: 25, align: 3, cache:  0] csize: 287059 (ratio 0.373), ctime: 3.02506825s (492ns per bit)
[eh-ac] [ctx: 25, align: 3, cache:  4] csize: 287059 (ratio 0.373), ctime: 3.074229791s (500ns per bit)
-> fastest: 287059 in 2.086604875s (339ns per bit) for [ctx: 25, align: 3, cache: 24]
[eh-ac] [ctx: 25, align: 4, cache: 24] csize: 313581 (ratio 0.408), ctime: 1.968195958s (320ns per bit)
[eh-ac] [ctx: 25, align: 4, cache: 20] csize: 313581 (ratio 0.408), ctime: 2.1261215s (346ns per bit)
[eh-ac] [ctx: 25, align: 4, cache: 16] csize: 313581 (ratio 0.408), ctime: 2.290090625s (372ns per bit)
[eh-ac] [ctx: 25, align: 4, cache: 12] csize: 313581 (ratio 0.408), ctime: 2.502364625s (407ns per bit)
[eh-ac] [ctx: 25, align: 4, cache:  8] csize: 313581 (ratio 0.408), ctime: 2.7573335s (448ns per bit)
[eh-ac] [ctx: 25, align: 4, cache:  0] csize: 313581 (ratio 0.408), ctime: 2.871579208s (467ns per bit)
[eh-ac] [ctx: 25, align: 4, cache:  4] csize: 313581 (ratio 0.408), ctime: 2.936401625s (477ns per bit)
-> fastest: 313581 in 1.968195958s (320ns per bit) for [ctx: 25, align: 4, cache: 24]
--> best: 287059 in 2.086604875s (339ns per bit) for [ctx: 25, align: 3, cache: 24]
[eh-ac] [ctx: 26, align: 0, cache: 24] csize: 339085 (ratio 0.441), ctime: 2.677841083s (435ns per bit)
[eh-ac] [ctx: 26, align: 0, cache: 20] csize: 339085 (ratio 0.441), ctime: 2.861124083s (465ns per bit)
[eh-ac] [ctx: 26, align: 0, cache: 16] csize: 339085 (ratio 0.441), ctime: 3.036592709s (494ns per bit)
[eh-ac] [ctx: 26, align: 0, cache: 12] csize: 339085 (ratio 0.441), ctime: 3.220352584s (524ns per bit)
[eh-ac] [ctx: 26, align: 0, cache:  8] csize: 339085 (ratio 0.441), ctime: 3.434829416s (558ns per bit)
[eh-ac] [ctx: 26, align: 0, cache:  0] csize: 339085 (ratio 0.441), ctime: 3.652987209s (594ns per bit)
[eh-ac] [ctx: 26, align: 0, cache:  4] csize: 339085 (ratio 0.441), ctime: 3.714752666s (604ns per bit)
-> fastest: 339085 in 2.677841083s (435ns per bit) for [ctx: 26, align: 0, cache: 24]
[eh-ac] [ctx: 26, align: 1, cache: 24] csize: 322506 (ratio 0.420), ctime: 2.509668083s (408ns per bit)
[eh-ac] [ctx: 26, align: 1, cache: 20] csize: 322506 (ratio 0.420), ctime: 2.765659s (450ns per bit)
[eh-ac] [ctx: 26, align: 1, cache: 16] csize: 322506 (ratio 0.420), ctime: 2.873882792s (467ns per bit)
[eh-ac] [ctx: 26, align: 1, cache: 12] csize: 322506 (ratio 0.420), ctime: 3.153537333s (513ns per bit)
[eh-ac] [ctx: 26, align: 1, cache:  8] csize: 322506 (ratio 0.420), ctime: 3.293804584s (536ns per bit)
[eh-ac] [ctx: 26, align: 1, cache:  0] csize: 322506 (ratio 0.420), ctime: 3.499238458s (569ns per bit)
[eh-ac] [ctx: 26, align: 1, cache:  4] csize: 322506 (ratio 0.420), ctime: 3.550943833s (577ns per bit)
-> fastest: 322506 in 2.509668083s (408ns per bit) for [ctx: 26, align: 1, cache: 24]
[eh-ac] [ctx: 26, align: 2, cache: 24] csize: 309338 (ratio 0.402), ctime: 2.432986458s (396ns per bit)
[eh-ac] [ctx: 26, align: 2, cache: 20] csize: 309338 (ratio 0.402), ctime: 2.596751708s (422ns per bit)
[eh-ac] [ctx: 26, align: 2, cache: 16] csize: 309338 (ratio 0.402), ctime: 2.782241542s (452ns per bit)
[eh-ac] [ctx: 26, align: 2, cache: 12] csize: 309338 (ratio 0.402), ctime: 3.023990334s (492ns per bit)
[eh-ac] [ctx: 26, align: 2, cache:  8] csize: 309338 (ratio 0.402), ctime: 3.18093975s (517ns per bit)
[eh-ac] [ctx: 26, align: 2, cache:  0] csize: 309338 (ratio 0.402), ctime: 3.359690584s (546ns per bit)
[eh-ac] [ctx: 26, align: 2, cache:  4] csize: 309338 (ratio 0.402), ctime: 3.4375615s (559ns per bit)
-> fastest: 309338 in 2.432986458s (396ns per bit) for [ctx: 26, align: 2, cache: 24]
[eh-ac] [ctx: 26, align: 3, cache: 24] csize: 297275 (ratio 0.387), ctime: 2.270045834s (369ns per bit)
[eh-ac] [ctx: 26, align: 3, cache: 20] csize: 297275 (ratio 0.387), ctime: 2.479825375s (403ns per bit)
[eh-ac] [ctx: 26, align: 3, cache: 16] csize: 297275 (ratio 0.387), ctime: 2.712836209s (441ns per bit)
[eh-ac] [ctx: 26, align: 3, cache: 12] csize: 297275 (ratio 0.387), ctime: 2.835929083s (461ns per bit)
[eh-ac] [ctx: 26, align: 3, cache:  8] csize: 297275 (ratio 0.387), ctime: 3.119550208s (507ns per bit)
[eh-ac] [ctx: 26, align: 3, cache:  0] csize: 297275 (ratio 0.387), ctime: 3.246617s (528ns per bit)
[eh-ac] [ctx: 26, align: 3, cache:  4] csize: 297275 (ratio 0.387), ctime: 3.2974s (536ns per bit)
-> fastest: 297275 in 2.270045834s (369ns per bit) for [ctx: 26, align: 3, cache: 24]
[eh-ac] [ctx: 26, align: 4, cache: 24] csize: 326032 (ratio 0.424), ctime: 2.177084959s (354ns per bit)
[eh-ac] [ctx: 26, align: 4, cache: 20] csize: 326032 (ratio 0.424), ctime: 2.274848208s (370ns per bit)
[eh-ac] [ctx: 26, align: 4, cache: 16] csize: 326032 (ratio 0.424), ctime: 2.517145s (409ns per bit)
[eh-ac] [ctx: 26, align: 4, cache: 12] csize: 326032 (ratio 0.424), ctime: 2.746533042s (447ns per bit)
[eh-ac] [ctx: 26, align: 4, cache:  8] csize: 326032 (ratio 0.424), ctime: 2.969350125s (483ns per bit)
[eh-ac] [ctx: 26, align: 4, cache:  0] csize: 326032 (ratio 0.424), ctime: 3.0846845s (502ns per bit)
[eh-ac] [ctx: 26, align: 4, cache:  4] csize: 326032 (ratio 0.424), ctime: 3.160053667s (514ns per bit)
-> fastest: 326032 in 2.177084959s (354ns per bit) for [ctx: 26, align: 4, cache: 24]
--> best: 297275 in 2.270045834s (369ns per bit) for [ctx: 26, align: 3, cache: 24]
[eh-ac] [ctx: 27, align: 0, cache: 24] csize: 352634 (ratio 0.459), ctime: 3.047109625s (495ns per bit)
[eh-ac] [ctx: 27, align: 0, cache: 20] csize: 352634 (ratio 0.459), ctime: 3.217662s (523ns per bit)
[eh-ac] [ctx: 27, align: 0, cache: 16] csize: 352634 (ratio 0.459), ctime: 3.441004041s (559ns per bit)
[eh-ac] [ctx: 27, align: 0, cache: 12] csize: 352634 (ratio 0.459), ctime: 3.662207125s (595ns per bit)
[eh-ac] [ctx: 27, align: 0, cache:  8] csize: 352634 (ratio 0.459), ctime: 3.892033291s (633ns per bit)
[eh-ac] [ctx: 27, align: 0, cache:  0] csize: 352634 (ratio 0.459), ctime: 4.008989041s (652ns per bit)
[eh-ac] [ctx: 27, align: 0, cache:  4] csize: 352634 (ratio 0.459), ctime: 4.031868834s (656ns per bit)
-> fastest: 352634 in 3.047109625s (495ns per bit) for [ctx: 27, align: 0, cache: 24]
[eh-ac] [ctx: 27, align: 1, cache: 24] csize: 336137 (ratio 0.437), ctime: 2.705732708s (440ns per bit)
[eh-ac] [ctx: 27, align: 1, cache: 20] csize: 336137 (ratio 0.437), ctime: 2.889349125s (470ns per bit)
[eh-ac] [ctx: 27, align: 1, cache: 16] csize: 336137 (ratio 0.437), ctime: 3.104191917s (505ns per bit)
[eh-ac] [ctx: 27, align: 1, cache: 12] csize: 336137 (ratio 0.437), ctime: 3.292756083s (535ns per bit)
[eh-ac] [ctx: 27, align: 1, cache:  8] csize: 336137 (ratio 0.437), ctime: 3.601887416s (586ns per bit)
[eh-ac] [ctx: 27, align: 1, cache:  0] csize: 336137 (ratio 0.437), ctime: 3.7447015s (609ns per bit)
[eh-ac] [ctx: 27, align: 1, cache:  4] csize: 336137 (ratio 0.437), ctime: 3.745785583s (609ns per bit)
-> fastest: 336137 in 2.705732708s (440ns per bit) for [ctx: 27, align: 1, cache: 24]
[eh-ac] [ctx: 27, align: 2, cache: 24] csize: 322141 (ratio 0.419), ctime: 2.611599083s (425ns per bit)
[eh-ac] [ctx: 27, align: 2, cache: 20] csize: 322141 (ratio 0.419), ctime: 2.766135333s (450ns per bit)
[eh-ac] [ctx: 27, align: 2, cache: 16] csize: 322141 (ratio 0.419), ctime: 2.991639792s (486ns per bit)
[eh-ac] [ctx: 27, align: 2, cache: 12] csize: 322141 (ratio 0.419), ctime: 3.1771985s (517ns per bit)
[eh-ac] [ctx: 27, align: 2, cache:  8] csize: 322141 (ratio 0.419), ctime: 3.41478775s (555ns per bit)
[eh-ac] [ctx: 27, align: 2, cache:  0] csize: 322141 (ratio 0.419), ctime: 3.590145792s (584ns per bit)
[eh-ac] [ctx: 27, align: 2, cache:  4] csize: 322141 (ratio 0.419), ctime: 3.638272s (592ns per bit)
-> fastest: 322141 in 2.611599083s (425ns per bit) for [ctx: 27, align: 2, cache: 24]
[eh-ac] [ctx: 27, align: 3, cache: 24] csize: 309034 (ratio 0.402), ctime: 2.425201s (394ns per bit)
[eh-ac] [ctx: 27, align: 3, cache: 20] csize: 309034 (ratio 0.402), ctime: 2.631749458s (428ns per bit)
[eh-ac] [ctx: 27, align: 3, cache: 16] csize: 309034 (ratio 0.402), ctime: 2.868734833s (466ns per bit)
[eh-ac] [ctx: 27, align: 3, cache: 12] csize: 309034 (ratio 0.402), ctime: 3.065394958s (498ns per bit)
[eh-ac] [ctx: 27, align: 3, cache:  8] csize: 309034 (ratio 0.402), ctime: 3.264566042s (531ns per bit)
[eh-ac] [ctx: 27, align: 3, cache:  0] csize: 309034 (ratio 0.402), ctime: 3.412445125s (555ns per bit)
[eh-ac] [ctx: 27, align: 3, cache:  4] csize: 309034 (ratio 0.402), ctime: 3.464153291s (563ns per bit)
-> fastest: 309034 in 2.425201s (394ns per bit) for [ctx: 27, align: 3, cache: 24]
[eh-ac] [ctx: 27, align: 4, cache: 24] csize: 339870 (ratio 0.442), ctime: 2.372950667s (386ns per bit)
[eh-ac] [ctx: 27, align: 4, cache: 20] csize: 339870 (ratio 0.442), ctime: 2.521876125s (410ns per bit)
[eh-ac] [ctx: 27, align: 4, cache: 16] csize: 339870 (ratio 0.442), ctime: 2.696568875s (438ns per bit)
[eh-ac] [ctx: 27, align: 4, cache: 12] csize: 339870 (ratio 0.442), ctime: 2.963294125s (482ns per bit)
[eh-ac] [ctx: 27, align: 4, cache:  8] csize: 339870 (ratio 0.442), ctime: 3.162852958s (514ns per bit)
[eh-ac] [ctx: 27, align: 4, cache:  0] csize: 339870 (ratio 0.442), ctime: 3.305619583s (537ns per bit)
[eh-ac] [ctx: 27, align: 4, cache:  4] csize: 339870 (ratio 0.442), ctime: 3.393356417s (552ns per bit)
-> fastest: 339870 in 2.372950667s (386ns per bit) for [ctx: 27, align: 4, cache: 24]
--> best: 309034 in 2.425201s (394ns per bit) for [ctx: 27, align: 3, cache: 24]
[eh-ac] [ctx: 28, align: 0, cache: 24] csize: 367102 (ratio 0.478), ctime: 11.714738708s (1.905s per bit)
[eh-ac] [ctx: 28, align: 0, cache: 20] csize: 367102 (ratio 0.478), ctime: 12.083252125s (1.965s per bit)
[eh-ac] [ctx: 28, align: 0, cache: 16] csize: 367102 (ratio 0.478), ctime: 12.341632083s (2.007s per bit)
[eh-ac] [ctx: 28, align: 0, cache: 12] csize: 367102 (ratio 0.478), ctime: 12.462754042s (2.026s per bit)
[eh-ac] [ctx: 28, align: 0, cache:  0] csize: 367102 (ratio 0.478), ctime: 12.468077125s (2.027s per bit)
[eh-ac] [ctx: 28, align: 0, cache:  8] csize: 367102 (ratio 0.478), ctime: 12.490381125s (2.031s per bit)
[eh-ac] [ctx: 28, align: 0, cache:  4] csize: 367102 (ratio 0.478), ctime: 12.659420041s (2.058s per bit)
-> fastest: 367102 in 11.714738708s (1.905s per bit) for [ctx: 28, align: 0, cache: 24]
[eh-ac] [ctx: 28, align: 1, cache: 24] csize: 350706 (ratio 0.456), ctime: 9.913079625s (1.612s per bit)
[eh-ac] [ctx: 28, align: 1, cache: 20] csize: 350706 (ratio 0.456), ctime: 10.416130209s (1.694s per bit)
[eh-ac] [ctx: 28, align: 1, cache: 16] csize: 350706 (ratio 0.456), ctime: 10.558805834s (1.717s per bit)
[eh-ac] [ctx: 28, align: 1, cache: 12] csize: 350706 (ratio 0.456), ctime: 10.707190583s (1.741s per bit)
[eh-ac] [ctx: 28, align: 1, cache:  0] csize: 350706 (ratio 0.456), ctime: 10.784730041s (1.754s per bit)
[eh-ac] [ctx: 28, align: 1, cache:  8] csize: 350706 (ratio 0.456), ctime: 10.903362833s (1.773s per bit)
[eh-ac] [ctx: 28, align: 1, cache:  4] csize: 350706 (ratio 0.456), ctime: 11.095951209s (1.804s per bit)
-> fastest: 350706 in 9.913079625s (1.612s per bit) for [ctx: 28, align: 1, cache: 24]
[eh-ac] [ctx: 28, align: 2, cache: 20] csize: 335925 (ratio 0.437), ctime: 10.584856667s (1.721s per bit)
[eh-ac] [ctx: 28, align: 2, cache: 24] csize: 335925 (ratio 0.437), ctime: 10.661457209s (1.734s per bit)
[eh-ac] [ctx: 28, align: 2, cache: 16] csize: 335925 (ratio 0.437), ctime: 10.860396792s (1.766s per bit)
[eh-ac] [ctx: 28, align: 2, cache:  8] csize: 335925 (ratio 0.437), ctime: 10.973131041s (1.784s per bit)
[eh-ac] [ctx: 28, align: 2, cache: 12] csize: 335925 (ratio 0.437), ctime: 10.987859667s (1.787s per bit)
[eh-ac] [ctx: 28, align: 2, cache:  0] csize: 335925 (ratio 0.437), ctime: 11.13196775s (1.81s per bit)
[eh-ac] [ctx: 28, align: 2, cache:  4] csize: 335925 (ratio 0.437), ctime: 11.349214625s (1.845s per bit)
-> fastest: 335925 in 10.584856667s (1.721s per bit) for [ctx: 28, align: 2, cache: 20]
[eh-ac] [ctx: 28, align: 3, cache: 20] csize: 321972 (ratio 0.419), ctime: 8.95802975s (1.457s per bit)
[eh-ac] [ctx: 28, align: 3, cache: 24] csize: 321972 (ratio 0.419), ctime: 9.136496042s (1.486s per bit)
[eh-ac] [ctx: 28, align: 3, cache: 16] csize: 321972 (ratio 0.419), ctime: 9.370326125s (1.524s per bit)
[eh-ac] [ctx: 28, align: 3, cache: 12] csize: 321972 (ratio 0.419), ctime: 9.555856334s (1.554s per bit)
[eh-ac] [ctx: 28, align: 3, cache:  0] csize: 321972 (ratio 0.419), ctime: 9.756521917s (1.586s per bit)
[eh-ac] [ctx: 28, align: 3, cache:  8] csize: 321972 (ratio 0.419), ctime: 9.810233417s (1.595s per bit)
[eh-ac] [ctx: 28, align: 3, cache:  4] csize: 321972 (ratio 0.419), ctime: 9.912256458s (1.612s per bit)
-> fastest: 321972 in 8.95802975s (1.457s per bit) for [ctx: 28, align: 3, cache: 20]
[eh-ac] [ctx: 28, align: 4, cache: 24] csize: 354936 (ratio 0.462), ctime: 8.06448275s (1.311s per bit)
[eh-ac] [ctx: 28, align: 4, cache: 20] csize: 354936 (ratio 0.462), ctime: 8.150916542s (1.325s per bit)
[eh-ac] [ctx: 28, align: 4, cache: 16] csize: 354936 (ratio 0.462), ctime: 8.485369708s (1.38s per bit)
[eh-ac] [ctx: 28, align: 4, cache: 12] csize: 354936 (ratio 0.462), ctime: 8.517879834s (1.385s per bit)
[eh-ac] [ctx: 28, align: 4, cache:  0] csize: 354936 (ratio 0.462), ctime: 8.644560791s (1.406s per bit)
[eh-ac] [ctx: 28, align: 4, cache:  8] csize: 354936 (ratio 0.462), ctime: 8.825476458s (1.435s per bit)
[eh-ac] [ctx: 28, align: 4, cache:  4] csize: 354936 (ratio 0.462), ctime: 8.985103708s (1.461s per bit)
-> fastest: 354936 in 8.06448275s (1.311s per bit) for [ctx: 28, align: 4, cache: 24]
--> best: 321972 in 8.95802975s (1.457s per bit) for [ctx: 28, align: 3, cache: 20]
[eh-ac] [ctx: 29, align: 0, cache: 20] csize: 382469 (ratio 0.498), ctime: 51.981326417s (8.452s per bit)
[eh-ac] [ctx: 29, align: 0, cache: 24] csize: 382469 (ratio 0.498), ctime: 52.342462s (8.511s per bit)
[eh-ac] [ctx: 29, align: 0, cache: 16] csize: 382469 (ratio 0.498), ctime: 52.406903666s (8.521s per bit)
[eh-ac] [ctx: 29, align: 0, cache: 12] csize: 382469 (ratio 0.498), ctime: 52.445196875s (8.527s per bit)
[eh-ac] [ctx: 29, align: 0, cache:  0] csize: 382469 (ratio 0.498), ctime: 52.465123541s (8.531s per bit)
[eh-ac] [ctx: 29, align: 0, cache:  8] csize: 382469 (ratio 0.498), ctime: 52.534055708s (8.542s per bit)
[eh-ac] [ctx: 29, align: 0, cache:  4] csize: 382469 (ratio 0.498), ctime: 52.639045667s (8.559s per bit)
-> fastest: 382469 in 51.981326417s (8.452s per bit) for [ctx: 29, align: 0, cache: 20]
[eh-ac] [ctx: 29, align: 1, cache: 24] csize: 365969 (ratio 0.476), ctime: 49.151129166s (7.992s per bit)
[eh-ac] [ctx: 29, align: 1, cache: 20] csize: 365969 (ratio 0.476), ctime: 49.227427625s (8.004s per bit)
[eh-ac] [ctx: 29, align: 1, cache: 12] csize: 365969 (ratio 0.476), ctime: 49.29572275s (8.015s per bit)
[eh-ac] [ctx: 29, align: 1, cache: 16] csize: 365969 (ratio 0.476), ctime: 49.356392125s (8.025s per bit)
[eh-ac] [ctx: 29, align: 1, cache:  0] csize: 365969 (ratio 0.476), ctime: 49.393766167s (8.031s per bit)
[eh-ac] [ctx: 29, align: 1, cache:  8] csize: 365969 (ratio 0.476), ctime: 49.423202125s (8.036s per bit)
[eh-ac] [ctx: 29, align: 1, cache:  4] csize: 365969 (ratio 0.476), ctime: 49.500238125s (8.049s per bit)
-> fastest: 365969 in 49.151129166s (7.992s per bit) for [ctx: 29, align: 1, cache: 24]
[eh-ac] [ctx: 29, align: 2, cache: 24] csize: 350586 (ratio 0.456), ctime: 45.943808458s (7.47s per bit)
[eh-ac] [ctx: 29, align: 2, cache: 20] csize: 350586 (ratio 0.456), ctime: 45.984798s (7.477s per bit)
[eh-ac] [ctx: 29, align: 2, cache: 16] csize: 350586 (ratio 0.456), ctime: 46.106590875s (7.497s per bit)
[eh-ac] [ctx: 29, align: 2, cache:  0] csize: 350586 (ratio 0.456), ctime: 46.200356791s (7.512s per bit)
[eh-ac] [ctx: 29, align: 2, cache: 12] csize: 350586 (ratio 0.456), ctime: 46.2156445s (7.515s per bit)
[eh-ac] [ctx: 29, align: 2, cache:  8] csize: 350586 (ratio 0.456), ctime: 46.284274292s (7.526s per bit)
[eh-ac] [ctx: 29, align: 2, cache:  4] csize: 350586 (ratio 0.456), ctime: 46.324903541s (7.532s per bit)
-> fastest: 350586 in 45.943808458s (7.47s per bit) for [ctx: 29, align: 2, cache: 24]
[eh-ac] [ctx: 29, align: 3, cache: 24] csize: 335832 (ratio 0.437), ctime: 42.987228875s (6.99s per bit)
[eh-ac] [ctx: 29, align: 3, cache: 20] csize: 335832 (ratio 0.437), ctime: 43.02835625s (6.996s per bit)
[eh-ac] [ctx: 29, align: 3, cache: 16] csize: 335832 (ratio 0.437), ctime: 43.171360042s (7.02s per bit)
[eh-ac] [ctx: 29, align: 3, cache:  0] csize: 335832 (ratio 0.437), ctime: 43.225668125s (7.028s per bit)
[eh-ac] [ctx: 29, align: 3, cache: 12] csize: 335832 (ratio 0.437), ctime: 43.240481459s (7.031s per bit)
[eh-ac] [ctx: 29, align: 3, cache:  8] csize: 335832 (ratio 0.437), ctime: 43.2833555s (7.038s per bit)
[eh-ac] [ctx: 29, align: 3, cache:  4] csize: 335832 (ratio 0.437), ctime: 43.391561s (7.055s per bit)
-> fastest: 335832 in 42.987228875s (6.99s per bit) for [ctx: 29, align: 3, cache: 24]
[eh-ac] [ctx: 29, align: 4, cache: 24] csize: 370858 (ratio 0.482), ctime: 39.700411709s (6.455s per bit)
[eh-ac] [ctx: 29, align: 4, cache: 20] csize: 370858 (ratio 0.482), ctime: 39.782862708s (6.469s per bit)
[eh-ac] [ctx: 29, align: 4, cache:  0] csize: 370858 (ratio 0.482), ctime: 39.841171208s (6.478s per bit)
[eh-ac] [ctx: 29, align: 4, cache: 16] csize: 370858 (ratio 0.482), ctime: 39.870035667s (6.483s per bit)
[eh-ac] [ctx: 29, align: 4, cache: 12] csize: 370858 (ratio 0.482), ctime: 39.942752625s (6.495s per bit)
[eh-ac] [ctx: 29, align: 4, cache:  8] csize: 370858 (ratio 0.482), ctime: 39.989657209s (6.502s per bit)
[eh-ac] [ctx: 29, align: 4, cache:  4] csize: 370858 (ratio 0.482), ctime: 40.049630041s (6.512s per bit)
-> fastest: 370858 in 39.700411709s (6.455s per bit) for [ctx: 29, align: 4, cache: 24]
--> best: 335832 in 42.987228875s (6.99s per bit) for [ctx: 29, align: 3, cache: 24]
[eh-ac] [ctx: 30, align: 0, cache: 24] csize: 398202 (ratio 0.518), ctime: 74.47472875s (12.109s per bit)
[eh-ac] [ctx: 30, align: 0, cache: 20] csize: 398202 (ratio 0.518), ctime: 74.593327417s (12.129s per bit)
[eh-ac] [ctx: 30, align: 0, cache: 16] csize: 398202 (ratio 0.518), ctime: 74.719688417s (12.149s per bit)
[eh-ac] [ctx: 30, align: 0, cache:  8] csize: 398202 (ratio 0.518), ctime: 74.782177833s (12.159s per bit)
[eh-ac] [ctx: 30, align: 0, cache:  0] csize: 398202 (ratio 0.518), ctime: 74.802895167s (12.163s per bit)
[eh-ac] [ctx: 30, align: 0, cache: 12] csize: 398202 (ratio 0.518), ctime: 74.830058s (12.167s per bit)
[eh-ac] [ctx: 30, align: 0, cache:  4] csize: 398202 (ratio 0.518), ctime: 74.948233083s (12.186s per bit)
-> fastest: 398202 in 74.47472875s (12.109s per bit) for [ctx: 30, align: 0, cache: 24]
[eh-ac] [ctx: 30, align: 1, cache: 20] csize: 381723 (ratio 0.497), ctime: 69.666217666s (11.328s per bit)
[eh-ac] [ctx: 30, align: 1, cache: 24] csize: 381723 (ratio 0.497), ctime: 69.705075167s (11.334s per bit)
[eh-ac] [ctx: 30, align: 1, cache: 12] csize: 381723 (ratio 0.497), ctime: 69.820277167s (11.353s per bit)
[eh-ac] [ctx: 30, align: 1, cache: 16] csize: 381723 (ratio 0.497), ctime: 69.838010125s (11.355s per bit)
[eh-ac] [ctx: 30, align: 1, cache:  0] csize: 381723 (ratio 0.497), ctime: 69.917073333s (11.368s per bit)
[eh-ac] [ctx: 30, align: 1, cache:  8] csize: 381723 (ratio 0.497), ctime: 69.955446084s (11.375s per bit)
[eh-ac] [ctx: 30, align: 1, cache:  4] csize: 381723 (ratio 0.497), ctime: 70.065075167s (11.392s per bit)
-> fastest: 381723 in 69.666217666s (11.328s per bit) for [ctx: 30, align: 1, cache: 20]
[eh-ac] [ctx: 30, align: 2, cache: 24] csize: 365896 (ratio 0.476), ctime: 66.827228s (10.866s per bit)
[eh-ac] [ctx: 30, align: 2, cache: 12] csize: 365896 (ratio 0.476), ctime: 67.003181792s (10.895s per bit)
[eh-ac] [ctx: 30, align: 2, cache: 20] csize: 365896 (ratio 0.476), ctime: 67.0640065s (10.904s per bit)
[eh-ac] [ctx: 30, align: 2, cache: 16] csize: 365896 (ratio 0.476), ctime: 67.092259208s (10.909s per bit)
[eh-ac] [ctx: 30, align: 2, cache:  0] csize: 365896 (ratio 0.476), ctime: 67.127319083s (10.915s per bit)
[eh-ac] [ctx: 30, align: 2, cache:  8] csize: 365896 (ratio 0.476), ctime: 67.195016666s (10.926s per bit)
[eh-ac] [ctx: 30, align: 2, cache:  4] csize: 365896 (ratio 0.476), ctime: 67.277534042s (10.939s per bit)
-> fastest: 365896 in 66.827228s (10.866s per bit) for [ctx: 30, align: 2, cache: 24]
[eh-ac] [ctx: 30, align: 3, cache: 24] csize: 350530 (ratio 0.456), ctime: 62.353902792s (10.139s per bit)
[eh-ac] [ctx: 30, align: 3, cache: 20] csize: 350530 (ratio 0.456), ctime: 62.426145833s (10.15s per bit)
[eh-ac] [ctx: 30, align: 3, cache: 16] csize: 350530 (ratio 0.456), ctime: 62.544016917s (10.169s per bit)
[eh-ac] [ctx: 30, align: 3, cache:  0] csize: 350530 (ratio 0.456), ctime: 62.636072166s (10.184s per bit)
[eh-ac] [ctx: 30, align: 3, cache:  8] csize: 350530 (ratio 0.456), ctime: 62.681134208s (10.192s per bit)
[eh-ac] [ctx: 30, align: 3, cache: 12] csize: 350530 (ratio 0.456), ctime: 62.720186916s (10.198s per bit)
[eh-ac] [ctx: 30, align: 3, cache:  4] csize: 350530 (ratio 0.456), ctime: 62.783808959s (10.208s per bit)
-> fastest: 350530 in 62.353902792s (10.139s per bit) for [ctx: 30, align: 3, cache: 24]
[eh-ac] [ctx: 30, align: 4, cache: 20] csize: 387347 (ratio 0.504), ctime: 59.958165041s (9.749s per bit)
[eh-ac] [ctx: 30, align: 4, cache: 24] csize: 387347 (ratio 0.504), ctime: 60.001020125s (9.756s per bit)
[eh-ac] [ctx: 30, align: 4, cache: 12] csize: 387347 (ratio 0.504), ctime: 60.15374525s (9.781s per bit)
[eh-ac] [ctx: 30, align: 4, cache: 16] csize: 387347 (ratio 0.504), ctime: 60.17718925s (9.785s per bit)
[eh-ac] [ctx: 30, align: 4, cache:  0] csize: 387347 (ratio 0.504), ctime: 60.240485125s (9.795s per bit)
[eh-ac] [ctx: 30, align: 4, cache:  8] csize: 387347 (ratio 0.504), ctime: 60.293157792s (9.803s per bit)
[eh-ac] [ctx: 30, align: 4, cache:  4] csize: 387347 (ratio 0.504), ctime: 60.373505208s (9.817s per bit)
-> fastest: 387347 in 59.958165041s (9.749s per bit) for [ctx: 30, align: 4, cache: 20]
--> best: 350530 in 62.353902792s (10.139s per bit) for [ctx: 30, align: 3, cache: 24]
--> gloabl best: 262871 in 1.207722209s (196ns per bit) for [ctx: 20, align: 3, cache: 24]